[2024-01-03T08:49:20.900+0000] {taskinstance.py:1159} INFO - Dependencies all met for dep_context=non-requeueable deps ti=<TaskInstance: 24_01_02_fx_mkt_data.first_attempt manual__2024-01-03T08:49:11.027411+00:00 [queued]>
[2024-01-03T08:49:20.939+0000] {taskinstance.py:1159} INFO - Dependencies all met for dep_context=requeueable deps ti=<TaskInstance: 24_01_02_fx_mkt_data.first_attempt manual__2024-01-03T08:49:11.027411+00:00 [queued]>
[2024-01-03T08:49:20.940+0000] {taskinstance.py:1361} INFO - Starting attempt 1 of 6
[2024-01-03T08:49:20.996+0000] {taskinstance.py:1382} INFO - Executing <Task(PythonOperator): first_attempt> on 2024-01-03 08:49:11.027411+00:00
[2024-01-03T08:49:21.014+0000] {standard_task_runner.py:57} INFO - Started process 2190 to run task
[2024-01-03T08:49:21.031+0000] {standard_task_runner.py:84} INFO - Running: ['airflow', 'tasks', 'run', '24_01_02_fx_mkt_data', 'first_attempt', 'manual__2024-01-03T08:49:11.027411+00:00', '--job-id', '285', '--raw', '--subdir', 'DAGS_FOLDER/get_fx_mkt_data.py', '--cfg-path', '/tmp/tmpbm6agu_q']
[2024-01-03T08:49:21.040+0000] {standard_task_runner.py:85} INFO - Job 285: Subtask first_attempt
[2024-01-03T08:49:21.284+0000] {task_command.py:416} INFO - Running <TaskInstance: 24_01_02_fx_mkt_data.first_attempt manual__2024-01-03T08:49:11.027411+00:00 [running]> on host ff92cbb9a252
[2024-01-03T08:49:21.857+0000] {taskinstance.py:1662} INFO - Exporting env vars: AIRFLOW_CTX_DAG_OWNER='airflow' AIRFLOW_CTX_DAG_ID='24_01_02_fx_mkt_data' AIRFLOW_CTX_TASK_ID='first_attempt' AIRFLOW_CTX_EXECUTION_DATE='2024-01-03T08:49:11.027411+00:00' AIRFLOW_CTX_TRY_NUMBER='1' AIRFLOW_CTX_DAG_RUN_ID='manual__2024-01-03T08:49:11.027411+00:00'
[2024-01-03T08:49:21.860+0000] {oandapyV20.py:207} INFO - setting up API-client for environment practice
[2024-01-03T08:49:29.114+0000] {logging_mixin.py:154} INFO - vendor id: 6
[2024-01-03T08:49:29.164+0000] {logging_mixin.py:154} INFO - security id: 46686, symbol: AUD_USD, last date: None
[2024-01-03T08:49:29.169+0000] {oandapyV20.py:261} INFO - performing request https://api-fxpractice.oanda.com/v3/instruments/AUD_USD/candles
[2024-01-03T08:49:29.619+0000] {oandapyV20.py:261} INFO - performing request https://api-fxpractice.oanda.com/v3/instruments/AUD_USD/candles
[2024-01-03T08:49:31.658+0000] {logging_mixin.py:154} INFO - skipping duplicate record with security_id:46686 and date:2017-11-02 21:00:00+00:00
[2024-01-03T08:49:34.988+0000] {logging_mixin.py:154} INFO - AUD_USD market data is loaded into database
[2024-01-03T08:49:34.997+0000] {python.py:194} INFO - Done. Returned value was: None
[2024-01-03T08:49:35.068+0000] {taskinstance.py:1400} INFO - Marking task as SUCCESS. dag_id=24_01_02_fx_mkt_data, task_id=first_attempt, execution_date=20240103T084911, start_date=20240103T084920, end_date=20240103T084935
[2024-01-03T08:49:35.165+0000] {local_task_job_runner.py:228} INFO - Task exited with return code 0
[2024-01-03T08:49:35.254+0000] {taskinstance.py:2778} INFO - 0 downstream tasks scheduled from follow-on schedule check
