[2024-01-02T18:02:33.475+0000] {taskinstance.py:1159} INFO - Dependencies all met for dep_context=non-requeueable deps ti=<TaskInstance: 24_01_02_fx_mkt_data.first_attempt manual__2024-01-02T18:02:28.927606+00:00 [queued]>
[2024-01-02T18:02:33.507+0000] {taskinstance.py:1159} INFO - Dependencies all met for dep_context=requeueable deps ti=<TaskInstance: 24_01_02_fx_mkt_data.first_attempt manual__2024-01-02T18:02:28.927606+00:00 [queued]>
[2024-01-02T18:02:33.508+0000] {taskinstance.py:1361} INFO - Starting attempt 1 of 6
[2024-01-02T18:02:33.554+0000] {taskinstance.py:1382} INFO - Executing <Task(PythonOperator): first_attempt> on 2024-01-02 18:02:28.927606+00:00
[2024-01-02T18:02:33.572+0000] {standard_task_runner.py:57} INFO - Started process 2053 to run task
[2024-01-02T18:02:33.582+0000] {standard_task_runner.py:84} INFO - Running: ['airflow', 'tasks', 'run', '24_01_02_fx_mkt_data', 'first_attempt', 'manual__2024-01-02T18:02:28.927606+00:00', '--job-id', '209', '--raw', '--subdir', 'DAGS_FOLDER/get_fx_mkt_data.py', '--cfg-path', '/tmp/tmpn08aozf0']
[2024-01-02T18:02:33.589+0000] {standard_task_runner.py:85} INFO - Job 209: Subtask first_attempt
[2024-01-02T18:02:33.864+0000] {task_command.py:416} INFO - Running <TaskInstance: 24_01_02_fx_mkt_data.first_attempt manual__2024-01-02T18:02:28.927606+00:00 [running]> on host ff92cbb9a252
[2024-01-02T18:02:34.354+0000] {taskinstance.py:1662} INFO - Exporting env vars: AIRFLOW_CTX_DAG_OWNER='airflow' AIRFLOW_CTX_DAG_ID='24_01_02_fx_mkt_data' AIRFLOW_CTX_TASK_ID='first_attempt' AIRFLOW_CTX_EXECUTION_DATE='2024-01-02T18:02:28.927606+00:00' AIRFLOW_CTX_TRY_NUMBER='1' AIRFLOW_CTX_DAG_RUN_ID='manual__2024-01-02T18:02:28.927606+00:00'
[2024-01-02T18:02:34.359+0000] {oandapyV20.py:207} INFO - setting up API-client for environment practice
[2024-01-02T18:02:35.692+0000] {oandapyV20.py:261} INFO - performing request https://api-fxpractice.oanda.com/v3/instruments/AUD_USD/candles
[2024-01-02T18:02:36.390+0000] {oandapyV20.py:261} INFO - performing request https://api-fxpractice.oanda.com/v3/instruments/AUD_USD/candles
[2024-01-02T18:02:36.859+0000] {logging_mixin.py:154} INFO - fetching AUD_USD market data from 2010-12-30 00:00:00 to 2024-01-02 18:02:36.858935
[2024-01-02T18:02:36.917+0000] {logging_mixin.py:154} INFO -                            volume     open     high      low    close
time                                                                 
2010-12-29 22:00:00+00:00   14112  1.01792  1.01979  1.01187  1.01732
2010-12-30 22:00:00+00:00   11245  1.01740  1.02568  1.01513  1.02324
2011-01-01 22:00:00+00:00     434  1.02305  1.02563  1.01980  1.02031
2011-01-02 22:00:00+00:00    9509  1.02041  1.02250  1.01554  1.01672
2011-01-03 22:00:00+00:00   19899  1.01670  1.01713  1.00290  1.00518
...                           ...      ...      ...      ...      ...
2023-12-25 22:00:00+00:00   24799  0.68082  0.68274  0.67916  0.68240
2023-12-26 22:00:00+00:00   32934  0.68240  0.68517  0.68180  0.68474
2023-12-27 22:00:00+00:00   41799  0.68457  0.68711  0.68242  0.68292
2023-12-28 22:00:00+00:00   41818  0.68330  0.68464  0.67812  0.68119
2024-01-01 22:00:00+00:00   45856  0.68116  0.68392  0.67611  0.67726

[3570 rows x 5 columns]
[2024-01-02T18:02:36.925+0000] {python.py:194} INFO - Done. Returned value was: None
[2024-01-02T18:02:36.989+0000] {taskinstance.py:1400} INFO - Marking task as SUCCESS. dag_id=24_01_02_fx_mkt_data, task_id=first_attempt, execution_date=20240102T180228, start_date=20240102T180233, end_date=20240102T180236
[2024-01-02T18:02:37.097+0000] {local_task_job_runner.py:228} INFO - Task exited with return code 0
[2024-01-02T18:02:37.196+0000] {taskinstance.py:2778} INFO - 0 downstream tasks scheduled from follow-on schedule check
