[2024-01-03T06:31:29.858+0000] {taskinstance.py:1159} INFO - Dependencies all met for dep_context=non-requeueable deps ti=<TaskInstance: 24_01_02_fx_mkt_data.first_attempt manual__2024-01-03T06:31:24.441498+00:00 [queued]>
[2024-01-03T06:31:29.906+0000] {taskinstance.py:1159} INFO - Dependencies all met for dep_context=requeueable deps ti=<TaskInstance: 24_01_02_fx_mkt_data.first_attempt manual__2024-01-03T06:31:24.441498+00:00 [queued]>
[2024-01-03T06:31:29.906+0000] {taskinstance.py:1361} INFO - Starting attempt 1 of 6
[2024-01-03T06:31:29.959+0000] {taskinstance.py:1382} INFO - Executing <Task(PythonOperator): first_attempt> on 2024-01-03 06:31:24.441498+00:00
[2024-01-03T06:31:29.977+0000] {standard_task_runner.py:57} INFO - Started process 409 to run task
[2024-01-03T06:31:29.986+0000] {standard_task_runner.py:84} INFO - Running: ['airflow', 'tasks', 'run', '24_01_02_fx_mkt_data', 'first_attempt', 'manual__2024-01-03T06:31:24.441498+00:00', '--job-id', '273', '--raw', '--subdir', 'DAGS_FOLDER/get_fx_mkt_data.py', '--cfg-path', '/tmp/tmpqjp9dp6b']
[2024-01-03T06:31:29.994+0000] {standard_task_runner.py:85} INFO - Job 273: Subtask first_attempt
[2024-01-03T06:31:30.226+0000] {task_command.py:416} INFO - Running <TaskInstance: 24_01_02_fx_mkt_data.first_attempt manual__2024-01-03T06:31:24.441498+00:00 [running]> on host ff92cbb9a252
[2024-01-03T06:31:30.658+0000] {taskinstance.py:1662} INFO - Exporting env vars: AIRFLOW_CTX_DAG_OWNER='airflow' AIRFLOW_CTX_DAG_ID='24_01_02_fx_mkt_data' AIRFLOW_CTX_TASK_ID='first_attempt' AIRFLOW_CTX_EXECUTION_DATE='2024-01-03T06:31:24.441498+00:00' AIRFLOW_CTX_TRY_NUMBER='1' AIRFLOW_CTX_DAG_RUN_ID='manual__2024-01-03T06:31:24.441498+00:00'
[2024-01-03T06:31:30.661+0000] {oandapyV20.py:207} INFO - setting up API-client for environment practice
[2024-01-03T06:31:33.130+0000] {logging_mixin.py:154} INFO - vendor id: 6
[2024-01-03T06:31:33.159+0000] {logging_mixin.py:154} INFO - security id: 46686, symbol: AUD_USD, last date: None
[2024-01-03T06:31:33.164+0000] {oandapyV20.py:261} INFO - performing request https://api-fxpractice.oanda.com/v3/instruments/AUD_USD/candles
[2024-01-03T06:31:33.720+0000] {logging_mixin.py:154} INFO - found a duplicate record!: None, 2024-01-01 22:00:00+00:00
[2024-01-03T06:31:33.741+0000] {logging_mixin.py:154} INFO - found a duplicate record!: None, 2024-01-02 22:00:00+00:00
[2024-01-03T06:31:33.751+0000] {logging_mixin.py:154} INFO - AUD_USD market data is loaded into database
[2024-01-03T06:31:33.758+0000] {python.py:194} INFO - Done. Returned value was: None
[2024-01-03T06:31:33.821+0000] {taskinstance.py:1400} INFO - Marking task as SUCCESS. dag_id=24_01_02_fx_mkt_data, task_id=first_attempt, execution_date=20240103T063124, start_date=20240103T063129, end_date=20240103T063133
[2024-01-03T06:31:33.903+0000] {local_task_job_runner.py:228} INFO - Task exited with return code 0
[2024-01-03T06:31:33.990+0000] {taskinstance.py:2778} INFO - 0 downstream tasks scheduled from follow-on schedule check
