[2024-01-03T08:48:30.292+0000] {taskinstance.py:1159} INFO - Dependencies all met for dep_context=non-requeueable deps ti=<TaskInstance: 24_01_02_fx_mkt_data.first_attempt manual__2024-01-03T08:48:22.433294+00:00 [queued]>
[2024-01-03T08:48:30.332+0000] {taskinstance.py:1159} INFO - Dependencies all met for dep_context=requeueable deps ti=<TaskInstance: 24_01_02_fx_mkt_data.first_attempt manual__2024-01-03T08:48:22.433294+00:00 [queued]>
[2024-01-03T08:48:30.333+0000] {taskinstance.py:1361} INFO - Starting attempt 1 of 6
[2024-01-03T08:48:30.386+0000] {taskinstance.py:1382} INFO - Executing <Task(PythonOperator): first_attempt> on 2024-01-03 08:48:22.433294+00:00
[2024-01-03T08:48:30.404+0000] {standard_task_runner.py:57} INFO - Started process 2173 to run task
[2024-01-03T08:48:30.413+0000] {standard_task_runner.py:84} INFO - Running: ['airflow', 'tasks', 'run', '24_01_02_fx_mkt_data', 'first_attempt', 'manual__2024-01-03T08:48:22.433294+00:00', '--job-id', '284', '--raw', '--subdir', 'DAGS_FOLDER/get_fx_mkt_data.py', '--cfg-path', '/tmp/tmp1jr5jtln']
[2024-01-03T08:48:30.420+0000] {standard_task_runner.py:85} INFO - Job 284: Subtask first_attempt
[2024-01-03T08:48:30.659+0000] {task_command.py:416} INFO - Running <TaskInstance: 24_01_02_fx_mkt_data.first_attempt manual__2024-01-03T08:48:22.433294+00:00 [running]> on host ff92cbb9a252
[2024-01-03T08:48:31.071+0000] {taskinstance.py:1662} INFO - Exporting env vars: AIRFLOW_CTX_DAG_OWNER='airflow' AIRFLOW_CTX_DAG_ID='24_01_02_fx_mkt_data' AIRFLOW_CTX_TASK_ID='first_attempt' AIRFLOW_CTX_EXECUTION_DATE='2024-01-03T08:48:22.433294+00:00' AIRFLOW_CTX_TRY_NUMBER='1' AIRFLOW_CTX_DAG_RUN_ID='manual__2024-01-03T08:48:22.433294+00:00'
[2024-01-03T08:48:31.075+0000] {oandapyV20.py:207} INFO - setting up API-client for environment practice
[2024-01-03T08:48:34.026+0000] {logging_mixin.py:154} INFO - vendor id: 6
[2024-01-03T08:48:34.062+0000] {logging_mixin.py:154} INFO - security id: 46686, symbol: AUD_USD, last date: None
[2024-01-03T08:48:34.068+0000] {oandapyV20.py:261} INFO - performing request https://api-fxpractice.oanda.com/v3/instruments/AUD_USD/candles
[2024-01-03T08:48:34.906+0000] {oandapyV20.py:261} INFO - performing request https://api-fxpractice.oanda.com/v3/instruments/AUD_USD/candles
[2024-01-03T08:48:37.460+0000] {logging_mixin.py:154} INFO - skipping duplicate record with security_id:46686 and date:2017-11-02 21:00:00+00:00
[2024-01-03T08:48:38.639+0000] {logging_mixin.py:154} INFO - Error processing AUD_USD: 'SecurityDailyPrice' object is not iterable
[2024-01-03T08:48:38.640+0000] {python.py:194} INFO - Done. Returned value was: None
[2024-01-03T08:48:38.896+0000] {taskinstance.py:1400} INFO - Marking task as SUCCESS. dag_id=24_01_02_fx_mkt_data, task_id=first_attempt, execution_date=20240103T084822, start_date=20240103T084830, end_date=20240103T084838
[2024-01-03T08:48:39.001+0000] {local_task_job_runner.py:228} INFO - Task exited with return code 0
[2024-01-03T08:48:39.088+0000] {taskinstance.py:2778} INFO - 0 downstream tasks scheduled from follow-on schedule check
