[2024-01-03T08:57:37.984+0000] {taskinstance.py:1159} INFO - Dependencies all met for dep_context=non-requeueable deps ti=<TaskInstance: 24_01_02_fx_mkt_data.first_attempt manual__2024-01-03T08:57:31.580036+00:00 [queued]>
[2024-01-03T08:57:38.026+0000] {taskinstance.py:1159} INFO - Dependencies all met for dep_context=requeueable deps ti=<TaskInstance: 24_01_02_fx_mkt_data.first_attempt manual__2024-01-03T08:57:31.580036+00:00 [queued]>
[2024-01-03T08:57:38.027+0000] {taskinstance.py:1361} INFO - Starting attempt 1 of 6
[2024-01-03T08:57:38.075+0000] {taskinstance.py:1382} INFO - Executing <Task(PythonOperator): first_attempt> on 2024-01-03 08:57:31.580036+00:00
[2024-01-03T08:57:38.093+0000] {standard_task_runner.py:57} INFO - Started process 2291 to run task
[2024-01-03T08:57:38.103+0000] {standard_task_runner.py:84} INFO - Running: ['airflow', 'tasks', 'run', '24_01_02_fx_mkt_data', 'first_attempt', 'manual__2024-01-03T08:57:31.580036+00:00', '--job-id', '286', '--raw', '--subdir', 'DAGS_FOLDER/get_fx_mkt_data.py', '--cfg-path', '/tmp/tmpxyb97m6x']
[2024-01-03T08:57:38.110+0000] {standard_task_runner.py:85} INFO - Job 286: Subtask first_attempt
[2024-01-03T08:57:38.349+0000] {task_command.py:416} INFO - Running <TaskInstance: 24_01_02_fx_mkt_data.first_attempt manual__2024-01-03T08:57:31.580036+00:00 [running]> on host ff92cbb9a252
[2024-01-03T08:57:38.780+0000] {taskinstance.py:1662} INFO - Exporting env vars: AIRFLOW_CTX_DAG_OWNER='airflow' AIRFLOW_CTX_DAG_ID='24_01_02_fx_mkt_data' AIRFLOW_CTX_TASK_ID='first_attempt' AIRFLOW_CTX_EXECUTION_DATE='2024-01-03T08:57:31.580036+00:00' AIRFLOW_CTX_TRY_NUMBER='1' AIRFLOW_CTX_DAG_RUN_ID='manual__2024-01-03T08:57:31.580036+00:00'
[2024-01-03T08:57:38.784+0000] {oandapyV20.py:207} INFO - setting up API-client for environment practice
[2024-01-03T08:57:41.821+0000] {logging_mixin.py:154} INFO - vendor id: 6, security id: 46686, symbol: AUD_USD, last date: 2024-01-02 22:00:00
[2024-01-03T08:57:41.862+0000] {logging_mixin.py:154} INFO - fetching AUD_USD market data from 2024-01-03 22:00:00 to 2024-01-03 08:57:41.862487
[2024-01-03T08:57:41.868+0000] {logging_mixin.py:154} INFO - AUD_USD market data is loaded into database
[2024-01-03T08:57:41.869+0000] {logging_mixin.py:154} INFO - vendor id: 6, security id: 46687, symbol: EUR_CAD, last date: None
[2024-01-03T08:57:41.870+0000] {oandapyV20.py:261} INFO - performing request https://api-fxpractice.oanda.com/v3/instruments/EUR_CAD/candles
[2024-01-03T08:57:42.568+0000] {oandapyV20.py:261} INFO - performing request https://api-fxpractice.oanda.com/v3/instruments/EUR_CAD/candles
[2024-01-03T08:57:43.033+0000] {logging_mixin.py:154} INFO - fetching EUR_CAD market data from 2010-12-30 00:00:00 to 2024-01-03 08:57:43.032897
[2024-01-03T08:57:43.048+0000] {logging_mixin.py:154} INFO - Error processing EUR_CAD: 'SecurityDailyPriceRepository' object has no attribute 'get_by_date'
[2024-01-03T08:57:43.049+0000] {logging_mixin.py:154} INFO - vendor id: 6, security id: 46688, symbol: USD_CNY, last date: None
[2024-01-03T08:57:43.050+0000] {oandapyV20.py:261} INFO - performing request https://api-fxpractice.oanda.com/v3/instruments/USD_CNY/candles
[2024-01-03T08:57:43.327+0000] {oandapyV20.py:261} INFO - performing request https://api-fxpractice.oanda.com/v3/instruments/USD_CNY/candles
[2024-01-03T08:57:44.088+0000] {logging_mixin.py:154} INFO - fetching USD_CNY market data from 2010-12-30 00:00:00 to 2024-01-03 08:57:44.087907
[2024-01-03T08:57:44.094+0000] {logging_mixin.py:154} INFO - Error processing USD_CNY: 'SecurityDailyPriceRepository' object has no attribute 'get_by_date'
[2024-01-03T08:57:44.095+0000] {logging_mixin.py:154} INFO - vendor id: 6, security id: 46689, symbol: EUR_CHF, last date: None
[2024-01-03T08:57:44.096+0000] {oandapyV20.py:261} INFO - performing request https://api-fxpractice.oanda.com/v3/instruments/EUR_CHF/candles
[2024-01-03T08:57:44.600+0000] {oandapyV20.py:261} INFO - performing request https://api-fxpractice.oanda.com/v3/instruments/EUR_CHF/candles
[2024-01-03T08:57:44.965+0000] {logging_mixin.py:154} INFO - fetching EUR_CHF market data from 2010-12-30 00:00:00 to 2024-01-03 08:57:44.965520
[2024-01-03T08:57:44.982+0000] {logging_mixin.py:154} INFO - Error processing EUR_CHF: 'SecurityDailyPriceRepository' object has no attribute 'get_by_date'
[2024-01-03T08:57:44.992+0000] {python.py:194} INFO - Done. Returned value was: None
[2024-01-03T08:57:45.057+0000] {taskinstance.py:1400} INFO - Marking task as SUCCESS. dag_id=24_01_02_fx_mkt_data, task_id=first_attempt, execution_date=20240103T085731, start_date=20240103T085737, end_date=20240103T085745
[2024-01-03T08:57:45.140+0000] {local_task_job_runner.py:228} INFO - Task exited with return code 0
[2024-01-03T08:57:45.224+0000] {taskinstance.py:2778} INFO - 0 downstream tasks scheduled from follow-on schedule check
