[2024-04-23T13:41:07.255+0000] {processor.py:157} INFO - Started process (PID=44) to work on /opt/airflow/dags/get_fx_mkt_data.py
[2024-04-23T13:41:07.257+0000] {processor.py:829} INFO - Processing file /opt/airflow/dags/get_fx_mkt_data.py for tasks to queue
[2024-04-23T13:41:07.300+0000] {logging_mixin.py:154} INFO - [2024-04-23T13:41:07.279+0000] {dagbag.py:536} INFO - Filling up the DagBag from /opt/airflow/dags/get_fx_mkt_data.py
[2024-04-23T13:41:14.285+0000] {processor.py:839} INFO - DAG(s) dict_keys(['get_fx_mkt_data']) retrieved from /opt/airflow/dags/get_fx_mkt_data.py
[2024-04-23T13:41:14.632+0000] {logging_mixin.py:154} INFO - [2024-04-23T13:41:14.631+0000] {dag.py:2941} INFO - Sync 1 DAGs
[2024-04-23T13:41:14.866+0000] {logging_mixin.py:154} INFO - [2024-04-23T13:41:14.865+0000] {dag.py:3722} INFO - Setting next_dagrun for get_fx_mkt_data to 2024-04-23T00:00:00+00:00, run_after=2024-04-24T00:00:00+00:00
[2024-04-23T13:41:15.017+0000] {processor.py:179} INFO - Processing /opt/airflow/dags/get_fx_mkt_data.py took 7.787 seconds
[2024-04-23T13:41:45.388+0000] {processor.py:157} INFO - Started process (PID=53) to work on /opt/airflow/dags/get_fx_mkt_data.py
[2024-04-23T13:41:45.842+0000] {processor.py:829} INFO - Processing file /opt/airflow/dags/get_fx_mkt_data.py for tasks to queue
[2024-04-23T13:41:45.881+0000] {logging_mixin.py:154} INFO - [2024-04-23T13:41:45.881+0000] {dagbag.py:536} INFO - Filling up the DagBag from /opt/airflow/dags/get_fx_mkt_data.py
[2024-04-23T13:41:48.331+0000] {processor.py:839} INFO - DAG(s) dict_keys(['get_fx_mkt_data']) retrieved from /opt/airflow/dags/get_fx_mkt_data.py
[2024-04-23T13:41:48.434+0000] {logging_mixin.py:154} INFO - [2024-04-23T13:41:48.433+0000] {dag.py:2941} INFO - Sync 1 DAGs
[2024-04-23T13:41:48.531+0000] {logging_mixin.py:154} INFO - [2024-04-23T13:41:48.531+0000] {dag.py:3722} INFO - Setting next_dagrun for get_fx_mkt_data to 2024-04-23T00:00:00+00:00, run_after=2024-04-24T00:00:00+00:00
[2024-04-23T13:41:48.602+0000] {processor.py:179} INFO - Processing /opt/airflow/dags/get_fx_mkt_data.py took 3.223 seconds
[2024-04-23T13:42:18.704+0000] {processor.py:157} INFO - Started process (PID=69) to work on /opt/airflow/dags/get_fx_mkt_data.py
[2024-04-23T13:42:18.706+0000] {processor.py:829} INFO - Processing file /opt/airflow/dags/get_fx_mkt_data.py for tasks to queue
[2024-04-23T13:42:18.712+0000] {logging_mixin.py:154} INFO - [2024-04-23T13:42:18.711+0000] {dagbag.py:536} INFO - Filling up the DagBag from /opt/airflow/dags/get_fx_mkt_data.py
[2024-04-23T13:42:21.136+0000] {processor.py:839} INFO - DAG(s) dict_keys(['get_fx_mkt_data']) retrieved from /opt/airflow/dags/get_fx_mkt_data.py
[2024-04-23T13:42:21.246+0000] {logging_mixin.py:154} INFO - [2024-04-23T13:42:21.245+0000] {dag.py:2941} INFO - Sync 1 DAGs
[2024-04-23T13:42:21.348+0000] {logging_mixin.py:154} INFO - [2024-04-23T13:42:21.348+0000] {dag.py:3722} INFO - Setting next_dagrun for get_fx_mkt_data to 2024-04-23T00:00:00+00:00, run_after=2024-04-24T00:00:00+00:00
[2024-04-23T13:42:21.415+0000] {processor.py:179} INFO - Processing /opt/airflow/dags/get_fx_mkt_data.py took 2.720 seconds
[2024-04-23T13:42:51.754+0000] {processor.py:157} INFO - Started process (PID=77) to work on /opt/airflow/dags/get_fx_mkt_data.py
[2024-04-23T13:42:51.757+0000] {processor.py:829} INFO - Processing file /opt/airflow/dags/get_fx_mkt_data.py for tasks to queue
[2024-04-23T13:42:51.765+0000] {logging_mixin.py:154} INFO - [2024-04-23T13:42:51.764+0000] {dagbag.py:536} INFO - Filling up the DagBag from /opt/airflow/dags/get_fx_mkt_data.py
[2024-04-23T13:42:54.228+0000] {processor.py:839} INFO - DAG(s) dict_keys(['get_fx_mkt_data']) retrieved from /opt/airflow/dags/get_fx_mkt_data.py
[2024-04-23T13:42:54.328+0000] {logging_mixin.py:154} INFO - [2024-04-23T13:42:54.328+0000] {dag.py:2941} INFO - Sync 1 DAGs
[2024-04-23T13:42:54.425+0000] {logging_mixin.py:154} INFO - [2024-04-23T13:42:54.425+0000] {dag.py:3722} INFO - Setting next_dagrun for get_fx_mkt_data to 2024-04-23T00:00:00+00:00, run_after=2024-04-24T00:00:00+00:00
[2024-04-23T13:42:54.494+0000] {processor.py:179} INFO - Processing /opt/airflow/dags/get_fx_mkt_data.py took 2.749 seconds
[2024-04-23T13:43:24.836+0000] {processor.py:157} INFO - Started process (PID=85) to work on /opt/airflow/dags/get_fx_mkt_data.py
[2024-04-23T13:43:24.840+0000] {processor.py:829} INFO - Processing file /opt/airflow/dags/get_fx_mkt_data.py for tasks to queue
[2024-04-23T13:43:24.846+0000] {logging_mixin.py:154} INFO - [2024-04-23T13:43:24.845+0000] {dagbag.py:536} INFO - Filling up the DagBag from /opt/airflow/dags/get_fx_mkt_data.py
[2024-04-23T13:43:27.305+0000] {processor.py:839} INFO - DAG(s) dict_keys(['get_fx_mkt_data']) retrieved from /opt/airflow/dags/get_fx_mkt_data.py
[2024-04-23T13:43:27.421+0000] {logging_mixin.py:154} INFO - [2024-04-23T13:43:27.420+0000] {dag.py:2941} INFO - Sync 1 DAGs
[2024-04-23T13:43:27.529+0000] {logging_mixin.py:154} INFO - [2024-04-23T13:43:27.528+0000] {dag.py:3722} INFO - Setting next_dagrun for get_fx_mkt_data to 2024-04-23T00:00:00+00:00, run_after=2024-04-24T00:00:00+00:00
[2024-04-23T13:43:27.598+0000] {processor.py:179} INFO - Processing /opt/airflow/dags/get_fx_mkt_data.py took 2.772 seconds
[2024-04-23T13:43:57.827+0000] {processor.py:157} INFO - Started process (PID=94) to work on /opt/airflow/dags/get_fx_mkt_data.py
[2024-04-23T13:43:57.829+0000] {processor.py:829} INFO - Processing file /opt/airflow/dags/get_fx_mkt_data.py for tasks to queue
[2024-04-23T13:43:57.835+0000] {logging_mixin.py:154} INFO - [2024-04-23T13:43:57.834+0000] {dagbag.py:536} INFO - Filling up the DagBag from /opt/airflow/dags/get_fx_mkt_data.py
[2024-04-23T13:44:00.354+0000] {processor.py:839} INFO - DAG(s) dict_keys(['get_fx_mkt_data']) retrieved from /opt/airflow/dags/get_fx_mkt_data.py
[2024-04-23T13:44:00.458+0000] {logging_mixin.py:154} INFO - [2024-04-23T13:44:00.457+0000] {dag.py:2941} INFO - Sync 1 DAGs
[2024-04-23T13:44:00.572+0000] {logging_mixin.py:154} INFO - [2024-04-23T13:44:00.571+0000] {dag.py:3722} INFO - Setting next_dagrun for get_fx_mkt_data to 2024-04-23T00:00:00+00:00, run_after=2024-04-24T00:00:00+00:00
[2024-04-23T13:44:00.642+0000] {processor.py:179} INFO - Processing /opt/airflow/dags/get_fx_mkt_data.py took 2.825 seconds
[2024-04-23T13:44:31.003+0000] {processor.py:157} INFO - Started process (PID=103) to work on /opt/airflow/dags/get_fx_mkt_data.py
[2024-04-23T13:44:31.007+0000] {processor.py:829} INFO - Processing file /opt/airflow/dags/get_fx_mkt_data.py for tasks to queue
[2024-04-23T13:44:31.015+0000] {logging_mixin.py:154} INFO - [2024-04-23T13:44:31.014+0000] {dagbag.py:536} INFO - Filling up the DagBag from /opt/airflow/dags/get_fx_mkt_data.py
[2024-04-23T13:44:33.589+0000] {processor.py:839} INFO - DAG(s) dict_keys(['get_fx_mkt_data']) retrieved from /opt/airflow/dags/get_fx_mkt_data.py
[2024-04-23T13:44:33.707+0000] {logging_mixin.py:154} INFO - [2024-04-23T13:44:33.706+0000] {dag.py:2941} INFO - Sync 1 DAGs
[2024-04-23T13:44:33.814+0000] {logging_mixin.py:154} INFO - [2024-04-23T13:44:33.814+0000] {dag.py:3722} INFO - Setting next_dagrun for get_fx_mkt_data to 2024-04-23T00:00:00+00:00, run_after=2024-04-24T00:00:00+00:00
[2024-04-23T13:44:33.889+0000] {processor.py:179} INFO - Processing /opt/airflow/dags/get_fx_mkt_data.py took 2.899 seconds
[2024-04-23T13:45:04.464+0000] {processor.py:157} INFO - Started process (PID=112) to work on /opt/airflow/dags/get_fx_mkt_data.py
[2024-04-23T13:45:04.467+0000] {processor.py:829} INFO - Processing file /opt/airflow/dags/get_fx_mkt_data.py for tasks to queue
[2024-04-23T13:45:04.476+0000] {logging_mixin.py:154} INFO - [2024-04-23T13:45:04.475+0000] {dagbag.py:536} INFO - Filling up the DagBag from /opt/airflow/dags/get_fx_mkt_data.py
[2024-04-23T13:45:07.869+0000] {processor.py:839} INFO - DAG(s) dict_keys(['get_fx_mkt_data']) retrieved from /opt/airflow/dags/get_fx_mkt_data.py
[2024-04-23T13:45:07.987+0000] {logging_mixin.py:154} INFO - [2024-04-23T13:45:07.987+0000] {dag.py:2941} INFO - Sync 1 DAGs
[2024-04-23T13:45:08.076+0000] {logging_mixin.py:154} INFO - [2024-04-23T13:45:08.075+0000] {dag.py:3722} INFO - Setting next_dagrun for get_fx_mkt_data to 2024-04-23T00:00:00+00:00, run_after=2024-04-24T00:00:00+00:00
[2024-04-23T13:45:08.143+0000] {processor.py:179} INFO - Processing /opt/airflow/dags/get_fx_mkt_data.py took 3.689 seconds
[2024-04-23T13:45:38.803+0000] {processor.py:157} INFO - Started process (PID=121) to work on /opt/airflow/dags/get_fx_mkt_data.py
[2024-04-23T13:45:38.807+0000] {processor.py:829} INFO - Processing file /opt/airflow/dags/get_fx_mkt_data.py for tasks to queue
[2024-04-23T13:45:38.813+0000] {logging_mixin.py:154} INFO - [2024-04-23T13:45:38.812+0000] {dagbag.py:536} INFO - Filling up the DagBag from /opt/airflow/dags/get_fx_mkt_data.py
[2024-04-23T13:45:41.166+0000] {processor.py:839} INFO - DAG(s) dict_keys(['get_fx_mkt_data']) retrieved from /opt/airflow/dags/get_fx_mkt_data.py
[2024-04-23T13:45:41.268+0000] {logging_mixin.py:154} INFO - [2024-04-23T13:45:41.267+0000] {dag.py:2941} INFO - Sync 1 DAGs
[2024-04-23T13:45:41.379+0000] {logging_mixin.py:154} INFO - [2024-04-23T13:45:41.378+0000] {dag.py:3722} INFO - Setting next_dagrun for get_fx_mkt_data to 2024-04-23T00:00:00+00:00, run_after=2024-04-24T00:00:00+00:00
[2024-04-23T13:45:41.478+0000] {processor.py:179} INFO - Processing /opt/airflow/dags/get_fx_mkt_data.py took 2.685 seconds
[2024-04-23T13:46:11.734+0000] {processor.py:157} INFO - Started process (PID=130) to work on /opt/airflow/dags/get_fx_mkt_data.py
[2024-04-23T13:46:11.738+0000] {processor.py:829} INFO - Processing file /opt/airflow/dags/get_fx_mkt_data.py for tasks to queue
[2024-04-23T13:46:11.746+0000] {logging_mixin.py:154} INFO - [2024-04-23T13:46:11.745+0000] {dagbag.py:536} INFO - Filling up the DagBag from /opt/airflow/dags/get_fx_mkt_data.py
[2024-04-23T13:46:15.223+0000] {processor.py:839} INFO - DAG(s) dict_keys(['get_fx_mkt_data']) retrieved from /opt/airflow/dags/get_fx_mkt_data.py
[2024-04-23T13:46:15.345+0000] {logging_mixin.py:154} INFO - [2024-04-23T13:46:15.345+0000] {dag.py:2941} INFO - Sync 1 DAGs
[2024-04-23T13:46:15.434+0000] {logging_mixin.py:154} INFO - [2024-04-23T13:46:15.434+0000] {dag.py:3722} INFO - Setting next_dagrun for get_fx_mkt_data to 2024-04-23T00:00:00+00:00, run_after=2024-04-24T00:00:00+00:00
[2024-04-23T13:46:15.500+0000] {processor.py:179} INFO - Processing /opt/airflow/dags/get_fx_mkt_data.py took 3.771 seconds
[2024-04-23T13:46:46.154+0000] {processor.py:157} INFO - Started process (PID=139) to work on /opt/airflow/dags/get_fx_mkt_data.py
[2024-04-23T13:46:46.156+0000] {processor.py:829} INFO - Processing file /opt/airflow/dags/get_fx_mkt_data.py for tasks to queue
[2024-04-23T13:46:46.168+0000] {logging_mixin.py:154} INFO - [2024-04-23T13:46:46.167+0000] {dagbag.py:536} INFO - Filling up the DagBag from /opt/airflow/dags/get_fx_mkt_data.py
[2024-04-23T13:46:48.620+0000] {processor.py:839} INFO - DAG(s) dict_keys(['get_fx_mkt_data']) retrieved from /opt/airflow/dags/get_fx_mkt_data.py
[2024-04-23T13:46:48.723+0000] {logging_mixin.py:154} INFO - [2024-04-23T13:46:48.723+0000] {dag.py:2941} INFO - Sync 1 DAGs
[2024-04-23T13:46:48.816+0000] {logging_mixin.py:154} INFO - [2024-04-23T13:46:48.815+0000] {dag.py:3722} INFO - Setting next_dagrun for get_fx_mkt_data to 2024-04-23T00:00:00+00:00, run_after=2024-04-24T00:00:00+00:00
[2024-04-23T13:46:48.877+0000] {processor.py:179} INFO - Processing /opt/airflow/dags/get_fx_mkt_data.py took 2.734 seconds
[2024-04-23T13:47:19.217+0000] {processor.py:157} INFO - Started process (PID=149) to work on /opt/airflow/dags/get_fx_mkt_data.py
[2024-04-23T13:47:19.220+0000] {processor.py:829} INFO - Processing file /opt/airflow/dags/get_fx_mkt_data.py for tasks to queue
[2024-04-23T13:47:19.226+0000] {logging_mixin.py:154} INFO - [2024-04-23T13:47:19.226+0000] {dagbag.py:536} INFO - Filling up the DagBag from /opt/airflow/dags/get_fx_mkt_data.py
[2024-04-23T13:47:21.636+0000] {processor.py:839} INFO - DAG(s) dict_keys(['get_fx_mkt_data']) retrieved from /opt/airflow/dags/get_fx_mkt_data.py
[2024-04-23T13:47:21.737+0000] {logging_mixin.py:154} INFO - [2024-04-23T13:47:21.737+0000] {dag.py:2941} INFO - Sync 1 DAGs
[2024-04-23T13:47:21.836+0000] {logging_mixin.py:154} INFO - [2024-04-23T13:47:21.835+0000] {dag.py:3722} INFO - Setting next_dagrun for get_fx_mkt_data to 2024-04-23T00:00:00+00:00, run_after=2024-04-24T00:00:00+00:00
[2024-04-23T13:47:21.912+0000] {processor.py:179} INFO - Processing /opt/airflow/dags/get_fx_mkt_data.py took 2.705 seconds
[2024-04-23T13:47:52.105+0000] {processor.py:157} INFO - Started process (PID=165) to work on /opt/airflow/dags/get_fx_mkt_data.py
[2024-04-23T13:47:52.109+0000] {processor.py:829} INFO - Processing file /opt/airflow/dags/get_fx_mkt_data.py for tasks to queue
[2024-04-23T13:47:52.115+0000] {logging_mixin.py:154} INFO - [2024-04-23T13:47:52.114+0000] {dagbag.py:536} INFO - Filling up the DagBag from /opt/airflow/dags/get_fx_mkt_data.py
[2024-04-23T13:47:54.582+0000] {processor.py:839} INFO - DAG(s) dict_keys(['get_fx_mkt_data']) retrieved from /opt/airflow/dags/get_fx_mkt_data.py
[2024-04-23T13:47:54.695+0000] {logging_mixin.py:154} INFO - [2024-04-23T13:47:54.694+0000] {dag.py:2941} INFO - Sync 1 DAGs
[2024-04-23T13:47:54.805+0000] {logging_mixin.py:154} INFO - [2024-04-23T13:47:54.804+0000] {dag.py:3722} INFO - Setting next_dagrun for get_fx_mkt_data to 2024-04-23T00:00:00+00:00, run_after=2024-04-24T00:00:00+00:00
[2024-04-23T13:47:54.885+0000] {processor.py:179} INFO - Processing /opt/airflow/dags/get_fx_mkt_data.py took 2.790 seconds
[2024-04-23T13:48:25.306+0000] {processor.py:157} INFO - Started process (PID=174) to work on /opt/airflow/dags/get_fx_mkt_data.py
[2024-04-23T13:48:25.310+0000] {processor.py:829} INFO - Processing file /opt/airflow/dags/get_fx_mkt_data.py for tasks to queue
[2024-04-23T13:48:25.317+0000] {logging_mixin.py:154} INFO - [2024-04-23T13:48:25.316+0000] {dagbag.py:536} INFO - Filling up the DagBag from /opt/airflow/dags/get_fx_mkt_data.py
[2024-04-23T13:48:27.765+0000] {processor.py:839} INFO - DAG(s) dict_keys(['get_fx_mkt_data']) retrieved from /opt/airflow/dags/get_fx_mkt_data.py
[2024-04-23T13:48:27.866+0000] {logging_mixin.py:154} INFO - [2024-04-23T13:48:27.866+0000] {dag.py:2941} INFO - Sync 1 DAGs
[2024-04-23T13:48:27.968+0000] {logging_mixin.py:154} INFO - [2024-04-23T13:48:27.968+0000] {dag.py:3722} INFO - Setting next_dagrun for get_fx_mkt_data to 2024-04-23T00:00:00+00:00, run_after=2024-04-24T00:00:00+00:00
[2024-04-23T13:48:28.034+0000] {processor.py:179} INFO - Processing /opt/airflow/dags/get_fx_mkt_data.py took 2.738 seconds
[2024-04-23T13:48:58.181+0000] {processor.py:157} INFO - Started process (PID=183) to work on /opt/airflow/dags/get_fx_mkt_data.py
[2024-04-23T13:48:58.187+0000] {processor.py:829} INFO - Processing file /opt/airflow/dags/get_fx_mkt_data.py for tasks to queue
[2024-04-23T13:48:58.195+0000] {logging_mixin.py:154} INFO - [2024-04-23T13:48:58.194+0000] {dagbag.py:536} INFO - Filling up the DagBag from /opt/airflow/dags/get_fx_mkt_data.py
[2024-04-23T13:49:00.482+0000] {processor.py:839} INFO - DAG(s) dict_keys(['get_fx_mkt_data']) retrieved from /opt/airflow/dags/get_fx_mkt_data.py
[2024-04-23T13:49:00.583+0000] {logging_mixin.py:154} INFO - [2024-04-23T13:49:00.583+0000] {dag.py:2941} INFO - Sync 1 DAGs
[2024-04-23T13:49:00.679+0000] {logging_mixin.py:154} INFO - [2024-04-23T13:49:00.679+0000] {dag.py:3722} INFO - Setting next_dagrun for get_fx_mkt_data to 2024-04-23T00:00:00+00:00, run_after=2024-04-24T00:00:00+00:00
[2024-04-23T13:49:00.742+0000] {processor.py:179} INFO - Processing /opt/airflow/dags/get_fx_mkt_data.py took 2.572 seconds
[2024-04-23T13:49:31.460+0000] {processor.py:157} INFO - Started process (PID=192) to work on /opt/airflow/dags/get_fx_mkt_data.py
[2024-04-23T13:49:31.463+0000] {processor.py:829} INFO - Processing file /opt/airflow/dags/get_fx_mkt_data.py for tasks to queue
[2024-04-23T13:49:31.471+0000] {logging_mixin.py:154} INFO - [2024-04-23T13:49:31.470+0000] {dagbag.py:536} INFO - Filling up the DagBag from /opt/airflow/dags/get_fx_mkt_data.py
[2024-04-23T13:49:33.765+0000] {processor.py:839} INFO - DAG(s) dict_keys(['get_fx_mkt_data']) retrieved from /opt/airflow/dags/get_fx_mkt_data.py
[2024-04-23T13:49:33.866+0000] {logging_mixin.py:154} INFO - [2024-04-23T13:49:33.865+0000] {dag.py:2941} INFO - Sync 1 DAGs
[2024-04-23T13:49:33.955+0000] {logging_mixin.py:154} INFO - [2024-04-23T13:49:33.954+0000] {dag.py:3722} INFO - Setting next_dagrun for get_fx_mkt_data to 2024-04-23T00:00:00+00:00, run_after=2024-04-24T00:00:00+00:00
[2024-04-23T13:49:34.020+0000] {processor.py:179} INFO - Processing /opt/airflow/dags/get_fx_mkt_data.py took 2.569 seconds
[2024-04-23T13:50:04.516+0000] {processor.py:157} INFO - Started process (PID=201) to work on /opt/airflow/dags/get_fx_mkt_data.py
[2024-04-23T13:50:04.517+0000] {processor.py:829} INFO - Processing file /opt/airflow/dags/get_fx_mkt_data.py for tasks to queue
[2024-04-23T13:50:04.525+0000] {logging_mixin.py:154} INFO - [2024-04-23T13:50:04.524+0000] {dagbag.py:536} INFO - Filling up the DagBag from /opt/airflow/dags/get_fx_mkt_data.py
[2024-04-23T13:50:06.864+0000] {processor.py:839} INFO - DAG(s) dict_keys(['get_fx_mkt_data']) retrieved from /opt/airflow/dags/get_fx_mkt_data.py
[2024-04-23T13:50:06.965+0000] {logging_mixin.py:154} INFO - [2024-04-23T13:50:06.964+0000] {dag.py:2941} INFO - Sync 1 DAGs
[2024-04-23T13:50:07.056+0000] {logging_mixin.py:154} INFO - [2024-04-23T13:50:07.055+0000] {dag.py:3722} INFO - Setting next_dagrun for get_fx_mkt_data to 2024-04-23T00:00:00+00:00, run_after=2024-04-24T00:00:00+00:00
[2024-04-23T13:50:07.119+0000] {processor.py:179} INFO - Processing /opt/airflow/dags/get_fx_mkt_data.py took 2.613 seconds
[2024-04-23T13:50:37.273+0000] {processor.py:157} INFO - Started process (PID=211) to work on /opt/airflow/dags/get_fx_mkt_data.py
[2024-04-23T13:50:37.275+0000] {processor.py:829} INFO - Processing file /opt/airflow/dags/get_fx_mkt_data.py for tasks to queue
[2024-04-23T13:50:37.281+0000] {logging_mixin.py:154} INFO - [2024-04-23T13:50:37.280+0000] {dagbag.py:536} INFO - Filling up the DagBag from /opt/airflow/dags/get_fx_mkt_data.py
[2024-04-23T13:50:39.583+0000] {processor.py:839} INFO - DAG(s) dict_keys(['get_fx_mkt_data']) retrieved from /opt/airflow/dags/get_fx_mkt_data.py
[2024-04-23T13:50:39.686+0000] {logging_mixin.py:154} INFO - [2024-04-23T13:50:39.685+0000] {dag.py:2941} INFO - Sync 1 DAGs
[2024-04-23T13:50:39.776+0000] {logging_mixin.py:154} INFO - [2024-04-23T13:50:39.775+0000] {dag.py:3722} INFO - Setting next_dagrun for get_fx_mkt_data to 2024-04-23T00:00:00+00:00, run_after=2024-04-24T00:00:00+00:00
[2024-04-23T13:50:39.840+0000] {processor.py:179} INFO - Processing /opt/airflow/dags/get_fx_mkt_data.py took 2.577 seconds
[2024-04-23T13:51:10.510+0000] {processor.py:157} INFO - Started process (PID=221) to work on /opt/airflow/dags/get_fx_mkt_data.py
[2024-04-23T13:51:10.514+0000] {processor.py:829} INFO - Processing file /opt/airflow/dags/get_fx_mkt_data.py for tasks to queue
[2024-04-23T13:51:10.522+0000] {logging_mixin.py:154} INFO - [2024-04-23T13:51:10.521+0000] {dagbag.py:536} INFO - Filling up the DagBag from /opt/airflow/dags/get_fx_mkt_data.py
[2024-04-23T13:51:12.816+0000] {processor.py:839} INFO - DAG(s) dict_keys(['get_fx_mkt_data']) retrieved from /opt/airflow/dags/get_fx_mkt_data.py
[2024-04-23T13:51:12.917+0000] {logging_mixin.py:154} INFO - [2024-04-23T13:51:12.917+0000] {dag.py:2941} INFO - Sync 1 DAGs
[2024-04-23T13:51:13.012+0000] {logging_mixin.py:154} INFO - [2024-04-23T13:51:13.011+0000] {dag.py:3722} INFO - Setting next_dagrun for get_fx_mkt_data to 2024-04-23T00:00:00+00:00, run_after=2024-04-24T00:00:00+00:00
[2024-04-23T13:51:13.077+0000] {processor.py:179} INFO - Processing /opt/airflow/dags/get_fx_mkt_data.py took 2.578 seconds
[2024-04-23T13:51:43.636+0000] {processor.py:157} INFO - Started process (PID=230) to work on /opt/airflow/dags/get_fx_mkt_data.py
[2024-04-23T13:51:43.640+0000] {processor.py:829} INFO - Processing file /opt/airflow/dags/get_fx_mkt_data.py for tasks to queue
[2024-04-23T13:51:43.648+0000] {logging_mixin.py:154} INFO - [2024-04-23T13:51:43.647+0000] {dagbag.py:536} INFO - Filling up the DagBag from /opt/airflow/dags/get_fx_mkt_data.py
[2024-04-23T13:51:46.133+0000] {processor.py:839} INFO - DAG(s) dict_keys(['get_fx_mkt_data']) retrieved from /opt/airflow/dags/get_fx_mkt_data.py
[2024-04-23T13:51:46.234+0000] {logging_mixin.py:154} INFO - [2024-04-23T13:51:46.234+0000] {dag.py:2941} INFO - Sync 1 DAGs
[2024-04-23T13:51:46.332+0000] {logging_mixin.py:154} INFO - [2024-04-23T13:51:46.331+0000] {dag.py:3722} INFO - Setting next_dagrun for get_fx_mkt_data to 2024-04-23T00:00:00+00:00, run_after=2024-04-24T00:00:00+00:00
[2024-04-23T13:51:46.394+0000] {processor.py:179} INFO - Processing /opt/airflow/dags/get_fx_mkt_data.py took 2.768 seconds
[2024-04-23T13:52:16.653+0000] {processor.py:157} INFO - Started process (PID=240) to work on /opt/airflow/dags/get_fx_mkt_data.py
[2024-04-23T13:52:16.656+0000] {processor.py:829} INFO - Processing file /opt/airflow/dags/get_fx_mkt_data.py for tasks to queue
[2024-04-23T13:52:16.665+0000] {logging_mixin.py:154} INFO - [2024-04-23T13:52:16.664+0000] {dagbag.py:536} INFO - Filling up the DagBag from /opt/airflow/dags/get_fx_mkt_data.py
[2024-04-23T13:52:19.109+0000] {processor.py:839} INFO - DAG(s) dict_keys(['get_fx_mkt_data']) retrieved from /opt/airflow/dags/get_fx_mkt_data.py
[2024-04-23T13:52:19.217+0000] {logging_mixin.py:154} INFO - [2024-04-23T13:52:19.216+0000] {dag.py:2941} INFO - Sync 1 DAGs
[2024-04-23T13:52:19.315+0000] {logging_mixin.py:154} INFO - [2024-04-23T13:52:19.315+0000] {dag.py:3722} INFO - Setting next_dagrun for get_fx_mkt_data to 2024-04-23T00:00:00+00:00, run_after=2024-04-24T00:00:00+00:00
[2024-04-23T13:52:19.379+0000] {processor.py:179} INFO - Processing /opt/airflow/dags/get_fx_mkt_data.py took 2.736 seconds
[2024-04-23T13:52:50.061+0000] {processor.py:157} INFO - Started process (PID=249) to work on /opt/airflow/dags/get_fx_mkt_data.py
[2024-04-23T13:52:50.065+0000] {processor.py:829} INFO - Processing file /opt/airflow/dags/get_fx_mkt_data.py for tasks to queue
[2024-04-23T13:52:50.071+0000] {logging_mixin.py:154} INFO - [2024-04-23T13:52:50.070+0000] {dagbag.py:536} INFO - Filling up the DagBag from /opt/airflow/dags/get_fx_mkt_data.py
[2024-04-23T13:52:52.353+0000] {processor.py:839} INFO - DAG(s) dict_keys(['get_fx_mkt_data']) retrieved from /opt/airflow/dags/get_fx_mkt_data.py
[2024-04-23T13:52:52.454+0000] {logging_mixin.py:154} INFO - [2024-04-23T13:52:52.454+0000] {dag.py:2941} INFO - Sync 1 DAGs
[2024-04-23T13:52:52.544+0000] {logging_mixin.py:154} INFO - [2024-04-23T13:52:52.543+0000] {dag.py:3722} INFO - Setting next_dagrun for get_fx_mkt_data to 2024-04-23T00:00:00+00:00, run_after=2024-04-24T00:00:00+00:00
[2024-04-23T13:52:52.609+0000] {processor.py:179} INFO - Processing /opt/airflow/dags/get_fx_mkt_data.py took 2.558 seconds
[2024-04-23T13:53:23.342+0000] {processor.py:157} INFO - Started process (PID=265) to work on /opt/airflow/dags/get_fx_mkt_data.py
[2024-04-23T13:53:23.345+0000] {processor.py:829} INFO - Processing file /opt/airflow/dags/get_fx_mkt_data.py for tasks to queue
[2024-04-23T13:53:23.351+0000] {logging_mixin.py:154} INFO - [2024-04-23T13:53:23.351+0000] {dagbag.py:536} INFO - Filling up the DagBag from /opt/airflow/dags/get_fx_mkt_data.py
[2024-04-23T13:53:25.657+0000] {processor.py:839} INFO - DAG(s) dict_keys(['get_fx_mkt_data']) retrieved from /opt/airflow/dags/get_fx_mkt_data.py
[2024-04-23T13:53:25.757+0000] {logging_mixin.py:154} INFO - [2024-04-23T13:53:25.757+0000] {dag.py:2941} INFO - Sync 1 DAGs
[2024-04-23T13:53:25.849+0000] {logging_mixin.py:154} INFO - [2024-04-23T13:53:25.847+0000] {dag.py:3722} INFO - Setting next_dagrun for get_fx_mkt_data to 2024-04-23T00:00:00+00:00, run_after=2024-04-24T00:00:00+00:00
[2024-04-23T13:53:25.918+0000] {processor.py:179} INFO - Processing /opt/airflow/dags/get_fx_mkt_data.py took 2.585 seconds
[2024-04-23T13:53:56.224+0000] {processor.py:157} INFO - Started process (PID=274) to work on /opt/airflow/dags/get_fx_mkt_data.py
[2024-04-23T13:53:56.225+0000] {processor.py:829} INFO - Processing file /opt/airflow/dags/get_fx_mkt_data.py for tasks to queue
[2024-04-23T13:53:56.231+0000] {logging_mixin.py:154} INFO - [2024-04-23T13:53:56.231+0000] {dagbag.py:536} INFO - Filling up the DagBag from /opt/airflow/dags/get_fx_mkt_data.py
[2024-04-23T13:53:58.535+0000] {processor.py:839} INFO - DAG(s) dict_keys(['get_fx_mkt_data']) retrieved from /opt/airflow/dags/get_fx_mkt_data.py
[2024-04-23T13:53:58.636+0000] {logging_mixin.py:154} INFO - [2024-04-23T13:53:58.636+0000] {dag.py:2941} INFO - Sync 1 DAGs
[2024-04-23T13:53:58.733+0000] {logging_mixin.py:154} INFO - [2024-04-23T13:53:58.733+0000] {dag.py:3722} INFO - Setting next_dagrun for get_fx_mkt_data to 2024-04-23T00:00:00+00:00, run_after=2024-04-24T00:00:00+00:00
[2024-04-23T13:53:58.795+0000] {processor.py:179} INFO - Processing /opt/airflow/dags/get_fx_mkt_data.py took 2.581 seconds
[2024-04-23T13:54:29.229+0000] {processor.py:157} INFO - Started process (PID=283) to work on /opt/airflow/dags/get_fx_mkt_data.py
[2024-04-23T13:54:29.231+0000] {processor.py:829} INFO - Processing file /opt/airflow/dags/get_fx_mkt_data.py for tasks to queue
[2024-04-23T13:54:29.238+0000] {logging_mixin.py:154} INFO - [2024-04-23T13:54:29.237+0000] {dagbag.py:536} INFO - Filling up the DagBag from /opt/airflow/dags/get_fx_mkt_data.py
[2024-04-23T13:54:31.536+0000] {processor.py:839} INFO - DAG(s) dict_keys(['get_fx_mkt_data']) retrieved from /opt/airflow/dags/get_fx_mkt_data.py
[2024-04-23T13:54:31.632+0000] {logging_mixin.py:154} INFO - [2024-04-23T13:54:31.631+0000] {dag.py:2941} INFO - Sync 1 DAGs
[2024-04-23T13:54:31.720+0000] {logging_mixin.py:154} INFO - [2024-04-23T13:54:31.720+0000] {dag.py:3722} INFO - Setting next_dagrun for get_fx_mkt_data to 2024-04-23T00:00:00+00:00, run_after=2024-04-24T00:00:00+00:00
[2024-04-23T13:54:31.786+0000] {processor.py:179} INFO - Processing /opt/airflow/dags/get_fx_mkt_data.py took 2.567 seconds
[2024-04-23T13:55:02.538+0000] {processor.py:157} INFO - Started process (PID=292) to work on /opt/airflow/dags/get_fx_mkt_data.py
[2024-04-23T13:55:02.540+0000] {processor.py:829} INFO - Processing file /opt/airflow/dags/get_fx_mkt_data.py for tasks to queue
[2024-04-23T13:55:02.548+0000] {logging_mixin.py:154} INFO - [2024-04-23T13:55:02.548+0000] {dagbag.py:536} INFO - Filling up the DagBag from /opt/airflow/dags/get_fx_mkt_data.py
[2024-04-23T13:55:04.839+0000] {processor.py:839} INFO - DAG(s) dict_keys(['get_fx_mkt_data']) retrieved from /opt/airflow/dags/get_fx_mkt_data.py
[2024-04-23T13:55:04.938+0000] {logging_mixin.py:154} INFO - [2024-04-23T13:55:04.937+0000] {dag.py:2941} INFO - Sync 1 DAGs
[2024-04-23T13:55:05.036+0000] {logging_mixin.py:154} INFO - [2024-04-23T13:55:05.036+0000] {dag.py:3722} INFO - Setting next_dagrun for get_fx_mkt_data to 2024-04-23T00:00:00+00:00, run_after=2024-04-24T00:00:00+00:00
[2024-04-23T13:55:05.099+0000] {processor.py:179} INFO - Processing /opt/airflow/dags/get_fx_mkt_data.py took 2.570 seconds
[2024-04-23T13:55:35.502+0000] {processor.py:157} INFO - Started process (PID=302) to work on /opt/airflow/dags/get_fx_mkt_data.py
[2024-04-23T13:55:35.506+0000] {processor.py:829} INFO - Processing file /opt/airflow/dags/get_fx_mkt_data.py for tasks to queue
[2024-04-23T13:55:35.512+0000] {logging_mixin.py:154} INFO - [2024-04-23T13:55:35.511+0000] {dagbag.py:536} INFO - Filling up the DagBag from /opt/airflow/dags/get_fx_mkt_data.py
[2024-04-23T13:55:37.894+0000] {processor.py:839} INFO - DAG(s) dict_keys(['get_fx_mkt_data']) retrieved from /opt/airflow/dags/get_fx_mkt_data.py
[2024-04-23T13:55:37.996+0000] {logging_mixin.py:154} INFO - [2024-04-23T13:55:37.995+0000] {dag.py:2941} INFO - Sync 1 DAGs
[2024-04-23T13:55:38.086+0000] {logging_mixin.py:154} INFO - [2024-04-23T13:55:38.085+0000] {dag.py:3722} INFO - Setting next_dagrun for get_fx_mkt_data to 2024-04-23T00:00:00+00:00, run_after=2024-04-24T00:00:00+00:00
[2024-04-23T13:55:38.154+0000] {processor.py:179} INFO - Processing /opt/airflow/dags/get_fx_mkt_data.py took 2.661 seconds
[2024-04-23T13:56:08.476+0000] {processor.py:157} INFO - Started process (PID=311) to work on /opt/airflow/dags/get_fx_mkt_data.py
[2024-04-23T13:56:08.478+0000] {processor.py:829} INFO - Processing file /opt/airflow/dags/get_fx_mkt_data.py for tasks to queue
[2024-04-23T13:56:08.487+0000] {logging_mixin.py:154} INFO - [2024-04-23T13:56:08.486+0000] {dagbag.py:536} INFO - Filling up the DagBag from /opt/airflow/dags/get_fx_mkt_data.py
[2024-04-23T13:56:10.934+0000] {processor.py:839} INFO - DAG(s) dict_keys(['get_fx_mkt_data']) retrieved from /opt/airflow/dags/get_fx_mkt_data.py
[2024-04-23T13:56:11.043+0000] {logging_mixin.py:154} INFO - [2024-04-23T13:56:11.042+0000] {dag.py:2941} INFO - Sync 1 DAGs
[2024-04-23T13:56:11.141+0000] {logging_mixin.py:154} INFO - [2024-04-23T13:56:11.140+0000] {dag.py:3722} INFO - Setting next_dagrun for get_fx_mkt_data to 2024-04-23T00:00:00+00:00, run_after=2024-04-24T00:00:00+00:00
[2024-04-23T13:56:11.207+0000] {processor.py:179} INFO - Processing /opt/airflow/dags/get_fx_mkt_data.py took 2.740 seconds
[2024-04-23T13:56:41.624+0000] {processor.py:157} INFO - Started process (PID=320) to work on /opt/airflow/dags/get_fx_mkt_data.py
[2024-04-23T13:56:41.626+0000] {processor.py:829} INFO - Processing file /opt/airflow/dags/get_fx_mkt_data.py for tasks to queue
[2024-04-23T13:56:41.633+0000] {logging_mixin.py:154} INFO - [2024-04-23T13:56:41.633+0000] {dagbag.py:536} INFO - Filling up the DagBag from /opt/airflow/dags/get_fx_mkt_data.py
[2024-04-23T13:56:43.936+0000] {processor.py:839} INFO - DAG(s) dict_keys(['get_fx_mkt_data']) retrieved from /opt/airflow/dags/get_fx_mkt_data.py
[2024-04-23T13:56:44.033+0000] {logging_mixin.py:154} INFO - [2024-04-23T13:56:44.032+0000] {dag.py:2941} INFO - Sync 1 DAGs
[2024-04-23T13:56:44.121+0000] {logging_mixin.py:154} INFO - [2024-04-23T13:56:44.121+0000] {dag.py:3722} INFO - Setting next_dagrun for get_fx_mkt_data to 2024-04-23T00:00:00+00:00, run_after=2024-04-24T00:00:00+00:00
[2024-04-23T13:56:44.187+0000] {processor.py:179} INFO - Processing /opt/airflow/dags/get_fx_mkt_data.py took 2.572 seconds
[2024-04-23T13:57:14.643+0000] {processor.py:157} INFO - Started process (PID=329) to work on /opt/airflow/dags/get_fx_mkt_data.py
[2024-04-23T13:57:14.647+0000] {processor.py:829} INFO - Processing file /opt/airflow/dags/get_fx_mkt_data.py for tasks to queue
[2024-04-23T13:57:14.654+0000] {logging_mixin.py:154} INFO - [2024-04-23T13:57:14.654+0000] {dagbag.py:536} INFO - Filling up the DagBag from /opt/airflow/dags/get_fx_mkt_data.py
[2024-04-23T13:57:16.939+0000] {processor.py:839} INFO - DAG(s) dict_keys(['get_fx_mkt_data']) retrieved from /opt/airflow/dags/get_fx_mkt_data.py
[2024-04-23T13:57:17.036+0000] {logging_mixin.py:154} INFO - [2024-04-23T13:57:17.036+0000] {dag.py:2941} INFO - Sync 1 DAGs
[2024-04-23T13:57:17.125+0000] {logging_mixin.py:154} INFO - [2024-04-23T13:57:17.125+0000] {dag.py:3722} INFO - Setting next_dagrun for get_fx_mkt_data to 2024-04-23T00:00:00+00:00, run_after=2024-04-24T00:00:00+00:00
[2024-04-23T13:57:17.190+0000] {processor.py:179} INFO - Processing /opt/airflow/dags/get_fx_mkt_data.py took 2.556 seconds
[2024-04-23T13:57:47.565+0000] {processor.py:157} INFO - Started process (PID=338) to work on /opt/airflow/dags/get_fx_mkt_data.py
[2024-04-23T13:57:47.568+0000] {processor.py:829} INFO - Processing file /opt/airflow/dags/get_fx_mkt_data.py for tasks to queue
[2024-04-23T13:57:47.574+0000] {logging_mixin.py:154} INFO - [2024-04-23T13:57:47.574+0000] {dagbag.py:536} INFO - Filling up the DagBag from /opt/airflow/dags/get_fx_mkt_data.py
[2024-04-23T13:57:49.861+0000] {processor.py:839} INFO - DAG(s) dict_keys(['get_fx_mkt_data']) retrieved from /opt/airflow/dags/get_fx_mkt_data.py
[2024-04-23T13:57:49.969+0000] {logging_mixin.py:154} INFO - [2024-04-23T13:57:49.968+0000] {dag.py:2941} INFO - Sync 1 DAGs
[2024-04-23T13:57:50.064+0000] {logging_mixin.py:154} INFO - [2024-04-23T13:57:50.063+0000] {dag.py:3722} INFO - Setting next_dagrun for get_fx_mkt_data to 2024-04-23T00:00:00+00:00, run_after=2024-04-24T00:00:00+00:00
[2024-04-23T13:57:50.128+0000] {processor.py:179} INFO - Processing /opt/airflow/dags/get_fx_mkt_data.py took 2.573 seconds
[2024-04-23T13:58:20.313+0000] {processor.py:157} INFO - Started process (PID=347) to work on /opt/airflow/dags/get_fx_mkt_data.py
[2024-04-23T13:58:20.317+0000] {processor.py:829} INFO - Processing file /opt/airflow/dags/get_fx_mkt_data.py for tasks to queue
[2024-04-23T13:58:20.323+0000] {logging_mixin.py:154} INFO - [2024-04-23T13:58:20.322+0000] {dagbag.py:536} INFO - Filling up the DagBag from /opt/airflow/dags/get_fx_mkt_data.py
[2024-04-23T13:58:22.630+0000] {processor.py:839} INFO - DAG(s) dict_keys(['get_fx_mkt_data']) retrieved from /opt/airflow/dags/get_fx_mkt_data.py
[2024-04-23T13:58:22.727+0000] {logging_mixin.py:154} INFO - [2024-04-23T13:58:22.726+0000] {dag.py:2941} INFO - Sync 1 DAGs
[2024-04-23T13:58:22.821+0000] {logging_mixin.py:154} INFO - [2024-04-23T13:58:22.820+0000] {dag.py:3722} INFO - Setting next_dagrun for get_fx_mkt_data to 2024-04-23T00:00:00+00:00, run_after=2024-04-24T00:00:00+00:00
[2024-04-23T13:58:22.888+0000] {processor.py:179} INFO - Processing /opt/airflow/dags/get_fx_mkt_data.py took 2.584 seconds
[2024-04-23T13:58:53.486+0000] {processor.py:157} INFO - Started process (PID=356) to work on /opt/airflow/dags/get_fx_mkt_data.py
[2024-04-23T13:58:53.488+0000] {processor.py:829} INFO - Processing file /opt/airflow/dags/get_fx_mkt_data.py for tasks to queue
[2024-04-23T13:58:53.494+0000] {logging_mixin.py:154} INFO - [2024-04-23T13:58:53.493+0000] {dagbag.py:536} INFO - Filling up the DagBag from /opt/airflow/dags/get_fx_mkt_data.py
[2024-04-23T13:58:55.865+0000] {processor.py:839} INFO - DAG(s) dict_keys(['get_fx_mkt_data']) retrieved from /opt/airflow/dags/get_fx_mkt_data.py
[2024-04-23T13:58:55.966+0000] {logging_mixin.py:154} INFO - [2024-04-23T13:58:55.966+0000] {dag.py:2941} INFO - Sync 1 DAGs
[2024-04-23T13:58:56.056+0000] {logging_mixin.py:154} INFO - [2024-04-23T13:58:56.055+0000] {dag.py:3722} INFO - Setting next_dagrun for get_fx_mkt_data to 2024-04-23T00:00:00+00:00, run_after=2024-04-24T00:00:00+00:00
[2024-04-23T13:58:56.123+0000] {processor.py:179} INFO - Processing /opt/airflow/dags/get_fx_mkt_data.py took 2.646 seconds
[2024-04-23T13:59:26.899+0000] {processor.py:157} INFO - Started process (PID=372) to work on /opt/airflow/dags/get_fx_mkt_data.py
[2024-04-23T13:59:26.901+0000] {processor.py:829} INFO - Processing file /opt/airflow/dags/get_fx_mkt_data.py for tasks to queue
[2024-04-23T13:59:26.909+0000] {logging_mixin.py:154} INFO - [2024-04-23T13:59:26.908+0000] {dagbag.py:536} INFO - Filling up the DagBag from /opt/airflow/dags/get_fx_mkt_data.py
[2024-04-23T13:59:29.309+0000] {processor.py:839} INFO - DAG(s) dict_keys(['get_fx_mkt_data']) retrieved from /opt/airflow/dags/get_fx_mkt_data.py
[2024-04-23T13:59:29.408+0000] {logging_mixin.py:154} INFO - [2024-04-23T13:59:29.407+0000] {dag.py:2941} INFO - Sync 1 DAGs
[2024-04-23T13:59:29.497+0000] {logging_mixin.py:154} INFO - [2024-04-23T13:59:29.496+0000] {dag.py:3722} INFO - Setting next_dagrun for get_fx_mkt_data to 2024-04-23T00:00:00+00:00, run_after=2024-04-24T00:00:00+00:00
[2024-04-23T13:59:29.562+0000] {processor.py:179} INFO - Processing /opt/airflow/dags/get_fx_mkt_data.py took 2.672 seconds
[2024-04-23T13:59:59.798+0000] {processor.py:157} INFO - Started process (PID=381) to work on /opt/airflow/dags/get_fx_mkt_data.py
[2024-04-23T13:59:59.802+0000] {processor.py:829} INFO - Processing file /opt/airflow/dags/get_fx_mkt_data.py for tasks to queue
[2024-04-23T13:59:59.810+0000] {logging_mixin.py:154} INFO - [2024-04-23T13:59:59.809+0000] {dagbag.py:536} INFO - Filling up the DagBag from /opt/airflow/dags/get_fx_mkt_data.py
[2024-04-23T14:00:02.212+0000] {processor.py:839} INFO - DAG(s) dict_keys(['get_fx_mkt_data']) retrieved from /opt/airflow/dags/get_fx_mkt_data.py
[2024-04-23T14:00:02.319+0000] {logging_mixin.py:154} INFO - [2024-04-23T14:00:02.319+0000] {dag.py:2941} INFO - Sync 1 DAGs
[2024-04-23T14:00:02.415+0000] {logging_mixin.py:154} INFO - [2024-04-23T14:00:02.414+0000] {dag.py:3722} INFO - Setting next_dagrun for get_fx_mkt_data to 2024-04-23T00:00:00+00:00, run_after=2024-04-24T00:00:00+00:00
[2024-04-23T14:00:02.485+0000] {processor.py:179} INFO - Processing /opt/airflow/dags/get_fx_mkt_data.py took 2.697 seconds
[2024-04-23T14:00:33.002+0000] {processor.py:157} INFO - Started process (PID=391) to work on /opt/airflow/dags/get_fx_mkt_data.py
[2024-04-23T14:00:33.006+0000] {processor.py:829} INFO - Processing file /opt/airflow/dags/get_fx_mkt_data.py for tasks to queue
[2024-04-23T14:00:33.012+0000] {logging_mixin.py:154} INFO - [2024-04-23T14:00:33.011+0000] {dagbag.py:536} INFO - Filling up the DagBag from /opt/airflow/dags/get_fx_mkt_data.py
[2024-04-23T14:00:35.393+0000] {processor.py:839} INFO - DAG(s) dict_keys(['get_fx_mkt_data']) retrieved from /opt/airflow/dags/get_fx_mkt_data.py
[2024-04-23T14:00:35.503+0000] {logging_mixin.py:154} INFO - [2024-04-23T14:00:35.502+0000] {dag.py:2941} INFO - Sync 1 DAGs
[2024-04-23T14:00:35.603+0000] {logging_mixin.py:154} INFO - [2024-04-23T14:00:35.602+0000] {dag.py:3722} INFO - Setting next_dagrun for get_fx_mkt_data to 2024-04-23T00:00:00+00:00, run_after=2024-04-24T00:00:00+00:00
[2024-04-23T14:00:35.665+0000] {processor.py:179} INFO - Processing /opt/airflow/dags/get_fx_mkt_data.py took 2.675 seconds
[2024-04-23T14:01:06.377+0000] {processor.py:157} INFO - Started process (PID=399) to work on /opt/airflow/dags/get_fx_mkt_data.py
[2024-04-23T14:01:06.379+0000] {processor.py:829} INFO - Processing file /opt/airflow/dags/get_fx_mkt_data.py for tasks to queue
[2024-04-23T14:01:06.385+0000] {logging_mixin.py:154} INFO - [2024-04-23T14:01:06.384+0000] {dagbag.py:536} INFO - Filling up the DagBag from /opt/airflow/dags/get_fx_mkt_data.py
[2024-04-23T14:01:08.693+0000] {processor.py:839} INFO - DAG(s) dict_keys(['get_fx_mkt_data']) retrieved from /opt/airflow/dags/get_fx_mkt_data.py
[2024-04-23T14:01:08.791+0000] {logging_mixin.py:154} INFO - [2024-04-23T14:01:08.790+0000] {dag.py:2941} INFO - Sync 1 DAGs
[2024-04-23T14:01:08.884+0000] {logging_mixin.py:154} INFO - [2024-04-23T14:01:08.884+0000] {dag.py:3722} INFO - Setting next_dagrun for get_fx_mkt_data to 2024-04-23T00:00:00+00:00, run_after=2024-04-24T00:00:00+00:00
[2024-04-23T14:01:08.947+0000] {processor.py:179} INFO - Processing /opt/airflow/dags/get_fx_mkt_data.py took 2.579 seconds
[2024-04-23T14:01:39.249+0000] {processor.py:157} INFO - Started process (PID=408) to work on /opt/airflow/dags/get_fx_mkt_data.py
[2024-04-23T14:01:39.251+0000] {processor.py:829} INFO - Processing file /opt/airflow/dags/get_fx_mkt_data.py for tasks to queue
[2024-04-23T14:01:39.258+0000] {logging_mixin.py:154} INFO - [2024-04-23T14:01:39.258+0000] {dagbag.py:536} INFO - Filling up the DagBag from /opt/airflow/dags/get_fx_mkt_data.py
[2024-04-23T14:01:41.543+0000] {processor.py:839} INFO - DAG(s) dict_keys(['get_fx_mkt_data']) retrieved from /opt/airflow/dags/get_fx_mkt_data.py
[2024-04-23T14:01:41.644+0000] {logging_mixin.py:154} INFO - [2024-04-23T14:01:41.643+0000] {dag.py:2941} INFO - Sync 1 DAGs
[2024-04-23T14:01:41.732+0000] {logging_mixin.py:154} INFO - [2024-04-23T14:01:41.732+0000] {dag.py:3722} INFO - Setting next_dagrun for get_fx_mkt_data to 2024-04-23T00:00:00+00:00, run_after=2024-04-24T00:00:00+00:00
[2024-04-23T14:01:41.793+0000] {processor.py:179} INFO - Processing /opt/airflow/dags/get_fx_mkt_data.py took 2.554 seconds
[2024-04-23T14:02:12.292+0000] {processor.py:157} INFO - Started process (PID=417) to work on /opt/airflow/dags/get_fx_mkt_data.py
[2024-04-23T14:02:12.296+0000] {processor.py:829} INFO - Processing file /opt/airflow/dags/get_fx_mkt_data.py for tasks to queue
[2024-04-23T14:02:12.304+0000] {logging_mixin.py:154} INFO - [2024-04-23T14:02:12.303+0000] {dagbag.py:536} INFO - Filling up the DagBag from /opt/airflow/dags/get_fx_mkt_data.py
[2024-04-23T14:02:14.604+0000] {processor.py:839} INFO - DAG(s) dict_keys(['get_fx_mkt_data']) retrieved from /opt/airflow/dags/get_fx_mkt_data.py
[2024-04-23T14:02:14.701+0000] {logging_mixin.py:154} INFO - [2024-04-23T14:02:14.700+0000] {dag.py:2941} INFO - Sync 1 DAGs
[2024-04-23T14:02:14.789+0000] {logging_mixin.py:154} INFO - [2024-04-23T14:02:14.788+0000] {dag.py:3722} INFO - Setting next_dagrun for get_fx_mkt_data to 2024-04-23T00:00:00+00:00, run_after=2024-04-24T00:00:00+00:00
[2024-04-23T14:02:14.850+0000] {processor.py:179} INFO - Processing /opt/airflow/dags/get_fx_mkt_data.py took 2.567 seconds
[2024-04-23T14:02:45.041+0000] {processor.py:157} INFO - Started process (PID=426) to work on /opt/airflow/dags/get_fx_mkt_data.py
[2024-04-23T14:02:45.043+0000] {processor.py:829} INFO - Processing file /opt/airflow/dags/get_fx_mkt_data.py for tasks to queue
[2024-04-23T14:02:45.049+0000] {logging_mixin.py:154} INFO - [2024-04-23T14:02:45.048+0000] {dagbag.py:536} INFO - Filling up the DagBag from /opt/airflow/dags/get_fx_mkt_data.py
[2024-04-23T14:02:47.402+0000] {processor.py:839} INFO - DAG(s) dict_keys(['get_fx_mkt_data']) retrieved from /opt/airflow/dags/get_fx_mkt_data.py
[2024-04-23T14:02:47.500+0000] {logging_mixin.py:154} INFO - [2024-04-23T14:02:47.499+0000] {dag.py:2941} INFO - Sync 1 DAGs
[2024-04-23T14:02:47.599+0000] {logging_mixin.py:154} INFO - [2024-04-23T14:02:47.599+0000] {dag.py:3722} INFO - Setting next_dagrun for get_fx_mkt_data to 2024-04-23T00:00:00+00:00, run_after=2024-04-24T00:00:00+00:00
[2024-04-23T14:02:47.661+0000] {processor.py:179} INFO - Processing /opt/airflow/dags/get_fx_mkt_data.py took 2.631 seconds
[2024-04-23T14:03:18.131+0000] {processor.py:157} INFO - Started process (PID=436) to work on /opt/airflow/dags/get_fx_mkt_data.py
[2024-04-23T14:03:18.133+0000] {processor.py:829} INFO - Processing file /opt/airflow/dags/get_fx_mkt_data.py for tasks to queue
[2024-04-23T14:03:18.140+0000] {logging_mixin.py:154} INFO - [2024-04-23T14:03:18.139+0000] {dagbag.py:536} INFO - Filling up the DagBag from /opt/airflow/dags/get_fx_mkt_data.py
[2024-04-23T14:03:20.493+0000] {processor.py:839} INFO - DAG(s) dict_keys(['get_fx_mkt_data']) retrieved from /opt/airflow/dags/get_fx_mkt_data.py
[2024-04-23T14:03:20.592+0000] {logging_mixin.py:154} INFO - [2024-04-23T14:03:20.591+0000] {dag.py:2941} INFO - Sync 1 DAGs
[2024-04-23T14:03:20.680+0000] {logging_mixin.py:154} INFO - [2024-04-23T14:03:20.679+0000] {dag.py:3722} INFO - Setting next_dagrun for get_fx_mkt_data to 2024-04-23T00:00:00+00:00, run_after=2024-04-24T00:00:00+00:00
[2024-04-23T14:03:20.747+0000] {processor.py:179} INFO - Processing /opt/airflow/dags/get_fx_mkt_data.py took 2.626 seconds
[2024-04-23T14:03:50.913+0000] {processor.py:157} INFO - Started process (PID=445) to work on /opt/airflow/dags/get_fx_mkt_data.py
[2024-04-23T14:03:50.917+0000] {processor.py:829} INFO - Processing file /opt/airflow/dags/get_fx_mkt_data.py for tasks to queue
[2024-04-23T14:03:50.924+0000] {logging_mixin.py:154} INFO - [2024-04-23T14:03:50.923+0000] {dagbag.py:536} INFO - Filling up the DagBag from /opt/airflow/dags/get_fx_mkt_data.py
[2024-04-23T14:03:53.346+0000] {processor.py:839} INFO - DAG(s) dict_keys(['get_fx_mkt_data']) retrieved from /opt/airflow/dags/get_fx_mkt_data.py
[2024-04-23T14:03:53.455+0000] {logging_mixin.py:154} INFO - [2024-04-23T14:03:53.454+0000] {dag.py:2941} INFO - Sync 1 DAGs
[2024-04-23T14:03:53.560+0000] {logging_mixin.py:154} INFO - [2024-04-23T14:03:53.559+0000] {dag.py:3722} INFO - Setting next_dagrun for get_fx_mkt_data to 2024-04-23T00:00:00+00:00, run_after=2024-04-24T00:00:00+00:00
[2024-04-23T14:03:53.627+0000] {processor.py:179} INFO - Processing /opt/airflow/dags/get_fx_mkt_data.py took 2.724 seconds
[2024-04-23T14:04:24.172+0000] {processor.py:157} INFO - Started process (PID=454) to work on /opt/airflow/dags/get_fx_mkt_data.py
[2024-04-23T14:04:24.176+0000] {processor.py:829} INFO - Processing file /opt/airflow/dags/get_fx_mkt_data.py for tasks to queue
[2024-04-23T14:04:24.183+0000] {logging_mixin.py:154} INFO - [2024-04-23T14:04:24.182+0000] {dagbag.py:536} INFO - Filling up the DagBag from /opt/airflow/dags/get_fx_mkt_data.py
[2024-04-23T14:04:26.452+0000] {processor.py:839} INFO - DAG(s) dict_keys(['get_fx_mkt_data']) retrieved from /opt/airflow/dags/get_fx_mkt_data.py
[2024-04-23T14:04:26.549+0000] {logging_mixin.py:154} INFO - [2024-04-23T14:04:26.548+0000] {dag.py:2941} INFO - Sync 1 DAGs
[2024-04-23T14:04:26.645+0000] {logging_mixin.py:154} INFO - [2024-04-23T14:04:26.644+0000] {dag.py:3722} INFO - Setting next_dagrun for get_fx_mkt_data to 2024-04-23T00:00:00+00:00, run_after=2024-04-24T00:00:00+00:00
[2024-04-23T14:04:26.711+0000] {processor.py:179} INFO - Processing /opt/airflow/dags/get_fx_mkt_data.py took 2.549 seconds
[2024-04-23T14:04:57.056+0000] {processor.py:157} INFO - Started process (PID=463) to work on /opt/airflow/dags/get_fx_mkt_data.py
[2024-04-23T14:04:57.057+0000] {processor.py:829} INFO - Processing file /opt/airflow/dags/get_fx_mkt_data.py for tasks to queue
[2024-04-23T14:04:57.065+0000] {logging_mixin.py:154} INFO - [2024-04-23T14:04:57.064+0000] {dagbag.py:536} INFO - Filling up the DagBag from /opt/airflow/dags/get_fx_mkt_data.py
[2024-04-23T14:04:59.435+0000] {processor.py:839} INFO - DAG(s) dict_keys(['get_fx_mkt_data']) retrieved from /opt/airflow/dags/get_fx_mkt_data.py
[2024-04-23T14:04:59.536+0000] {logging_mixin.py:154} INFO - [2024-04-23T14:04:59.535+0000] {dag.py:2941} INFO - Sync 1 DAGs
[2024-04-23T14:04:59.625+0000] {logging_mixin.py:154} INFO - [2024-04-23T14:04:59.624+0000] {dag.py:3722} INFO - Setting next_dagrun for get_fx_mkt_data to 2024-04-23T00:00:00+00:00, run_after=2024-04-24T00:00:00+00:00
[2024-04-23T14:04:59.687+0000] {processor.py:179} INFO - Processing /opt/airflow/dags/get_fx_mkt_data.py took 2.641 seconds
[2024-04-23T14:05:30.010+0000] {processor.py:157} INFO - Started process (PID=479) to work on /opt/airflow/dags/get_fx_mkt_data.py
[2024-04-23T14:05:30.012+0000] {processor.py:829} INFO - Processing file /opt/airflow/dags/get_fx_mkt_data.py for tasks to queue
[2024-04-23T14:05:30.020+0000] {logging_mixin.py:154} INFO - [2024-04-23T14:05:30.019+0000] {dagbag.py:536} INFO - Filling up the DagBag from /opt/airflow/dags/get_fx_mkt_data.py
[2024-04-23T14:05:32.289+0000] {processor.py:839} INFO - DAG(s) dict_keys(['get_fx_mkt_data']) retrieved from /opt/airflow/dags/get_fx_mkt_data.py
[2024-04-23T14:05:32.386+0000] {logging_mixin.py:154} INFO - [2024-04-23T14:05:32.386+0000] {dag.py:2941} INFO - Sync 1 DAGs
[2024-04-23T14:05:32.475+0000] {logging_mixin.py:154} INFO - [2024-04-23T14:05:32.475+0000] {dag.py:3722} INFO - Setting next_dagrun for get_fx_mkt_data to 2024-04-23T00:00:00+00:00, run_after=2024-04-24T00:00:00+00:00
[2024-04-23T14:05:32.538+0000] {processor.py:179} INFO - Processing /opt/airflow/dags/get_fx_mkt_data.py took 2.537 seconds
[2024-04-23T14:06:03.056+0000] {processor.py:157} INFO - Started process (PID=489) to work on /opt/airflow/dags/get_fx_mkt_data.py
[2024-04-23T14:06:03.059+0000] {processor.py:829} INFO - Processing file /opt/airflow/dags/get_fx_mkt_data.py for tasks to queue
[2024-04-23T14:06:03.065+0000] {logging_mixin.py:154} INFO - [2024-04-23T14:06:03.065+0000] {dagbag.py:536} INFO - Filling up the DagBag from /opt/airflow/dags/get_fx_mkt_data.py
[2024-04-23T14:06:05.365+0000] {processor.py:839} INFO - DAG(s) dict_keys(['get_fx_mkt_data']) retrieved from /opt/airflow/dags/get_fx_mkt_data.py
[2024-04-23T14:06:05.464+0000] {logging_mixin.py:154} INFO - [2024-04-23T14:06:05.463+0000] {dag.py:2941} INFO - Sync 1 DAGs
[2024-04-23T14:06:05.552+0000] {logging_mixin.py:154} INFO - [2024-04-23T14:06:05.551+0000] {dag.py:3722} INFO - Setting next_dagrun for get_fx_mkt_data to 2024-04-23T00:00:00+00:00, run_after=2024-04-24T00:00:00+00:00
[2024-04-23T14:06:05.618+0000] {processor.py:179} INFO - Processing /opt/airflow/dags/get_fx_mkt_data.py took 2.571 seconds
[2024-04-23T14:06:35.870+0000] {processor.py:157} INFO - Started process (PID=498) to work on /opt/airflow/dags/get_fx_mkt_data.py
[2024-04-23T14:06:35.873+0000] {processor.py:829} INFO - Processing file /opt/airflow/dags/get_fx_mkt_data.py for tasks to queue
[2024-04-23T14:06:35.880+0000] {logging_mixin.py:154} INFO - [2024-04-23T14:06:35.879+0000] {dagbag.py:536} INFO - Filling up the DagBag from /opt/airflow/dags/get_fx_mkt_data.py
[2024-04-23T14:06:38.189+0000] {processor.py:839} INFO - DAG(s) dict_keys(['get_fx_mkt_data']) retrieved from /opt/airflow/dags/get_fx_mkt_data.py
[2024-04-23T14:06:38.285+0000] {logging_mixin.py:154} INFO - [2024-04-23T14:06:38.284+0000] {dag.py:2941} INFO - Sync 1 DAGs
[2024-04-23T14:06:38.380+0000] {logging_mixin.py:154} INFO - [2024-04-23T14:06:38.380+0000] {dag.py:3722} INFO - Setting next_dagrun for get_fx_mkt_data to 2024-04-23T00:00:00+00:00, run_after=2024-04-24T00:00:00+00:00
[2024-04-23T14:06:38.461+0000] {processor.py:179} INFO - Processing /opt/airflow/dags/get_fx_mkt_data.py took 2.600 seconds
