[2024-01-03T08:58:52.601+0000] {taskinstance.py:1159} INFO - Dependencies all met for dep_context=non-requeueable deps ti=<TaskInstance: 24_01_02_fx_mkt_data.first_attempt manual__2024-01-03T08:58:48.296626+00:00 [queued]>
[2024-01-03T08:58:52.636+0000] {taskinstance.py:1159} INFO - Dependencies all met for dep_context=requeueable deps ti=<TaskInstance: 24_01_02_fx_mkt_data.first_attempt manual__2024-01-03T08:58:48.296626+00:00 [queued]>
[2024-01-03T08:58:52.637+0000] {taskinstance.py:1361} INFO - Starting attempt 1 of 6
[2024-01-03T08:58:52.687+0000] {taskinstance.py:1382} INFO - Executing <Task(PythonOperator): first_attempt> on 2024-01-03 08:58:48.296626+00:00
[2024-01-03T08:58:52.705+0000] {standard_task_runner.py:57} INFO - Started process 2310 to run task
[2024-01-03T08:58:52.715+0000] {standard_task_runner.py:84} INFO - Running: ['airflow', 'tasks', 'run', '24_01_02_fx_mkt_data', 'first_attempt', 'manual__2024-01-03T08:58:48.296626+00:00', '--job-id', '287', '--raw', '--subdir', 'DAGS_FOLDER/get_fx_mkt_data.py', '--cfg-path', '/tmp/tmpql7tplx6']
[2024-01-03T08:58:52.722+0000] {standard_task_runner.py:85} INFO - Job 287: Subtask first_attempt
[2024-01-03T08:58:52.966+0000] {task_command.py:416} INFO - Running <TaskInstance: 24_01_02_fx_mkt_data.first_attempt manual__2024-01-03T08:58:48.296626+00:00 [running]> on host ff92cbb9a252
[2024-01-03T08:58:53.376+0000] {taskinstance.py:1662} INFO - Exporting env vars: AIRFLOW_CTX_DAG_OWNER='airflow' AIRFLOW_CTX_DAG_ID='24_01_02_fx_mkt_data' AIRFLOW_CTX_TASK_ID='first_attempt' AIRFLOW_CTX_EXECUTION_DATE='2024-01-03T08:58:48.296626+00:00' AIRFLOW_CTX_TRY_NUMBER='1' AIRFLOW_CTX_DAG_RUN_ID='manual__2024-01-03T08:58:48.296626+00:00'
[2024-01-03T08:58:53.380+0000] {oandapyV20.py:207} INFO - setting up API-client for environment practice
[2024-01-03T08:58:54.585+0000] {logging_mixin.py:154} INFO - vendor id: 6, security id: 46686, symbol: AUD_USD, last date: 2024-01-02 22:00:00
[2024-01-03T08:58:54.608+0000] {logging_mixin.py:154} INFO - fetching AUD_USD market data from 2024-01-03 22:00:00 to 2024-01-03 08:58:54.608693
[2024-01-03T08:58:54.610+0000] {logging_mixin.py:154} INFO - AUD_USD market data is loaded into database
[2024-01-03T08:58:54.610+0000] {logging_mixin.py:154} INFO - vendor id: 6, security id: 46687, symbol: EUR_CAD, last date: None
[2024-01-03T08:58:54.612+0000] {oandapyV20.py:261} INFO - performing request https://api-fxpractice.oanda.com/v3/instruments/EUR_CAD/candles
[2024-01-03T08:58:55.521+0000] {oandapyV20.py:261} INFO - performing request https://api-fxpractice.oanda.com/v3/instruments/EUR_CAD/candles
[2024-01-03T08:58:55.895+0000] {logging_mixin.py:154} INFO - fetching EUR_CAD market data from 2010-12-30 00:00:00 to 2024-01-03 08:58:55.895401
[2024-01-03T08:58:55.911+0000] {logging_mixin.py:154} INFO - Error processing EUR_CAD: get() takes 1 positional argument but 3 were given
[2024-01-03T08:58:55.912+0000] {logging_mixin.py:154} INFO - vendor id: 6, security id: 46688, symbol: USD_CNY, last date: None
[2024-01-03T08:58:55.913+0000] {oandapyV20.py:261} INFO - performing request https://api-fxpractice.oanda.com/v3/instruments/USD_CNY/candles
[2024-01-03T08:58:56.247+0000] {oandapyV20.py:261} INFO - performing request https://api-fxpractice.oanda.com/v3/instruments/USD_CNY/candles
[2024-01-03T08:58:57.089+0000] {logging_mixin.py:154} INFO - fetching USD_CNY market data from 2010-12-30 00:00:00 to 2024-01-03 08:58:57.089050
[2024-01-03T08:58:57.095+0000] {logging_mixin.py:154} INFO - Error processing USD_CNY: get() takes 1 positional argument but 3 were given
[2024-01-03T08:58:57.096+0000] {logging_mixin.py:154} INFO - vendor id: 6, security id: 46689, symbol: EUR_CHF, last date: None
[2024-01-03T08:58:57.097+0000] {oandapyV20.py:261} INFO - performing request https://api-fxpractice.oanda.com/v3/instruments/EUR_CHF/candles
[2024-01-03T08:58:57.474+0000] {oandapyV20.py:261} INFO - performing request https://api-fxpractice.oanda.com/v3/instruments/EUR_CHF/candles
[2024-01-03T08:58:57.861+0000] {logging_mixin.py:154} INFO - fetching EUR_CHF market data from 2010-12-30 00:00:00 to 2024-01-03 08:58:57.861214
[2024-01-03T08:58:57.877+0000] {logging_mixin.py:154} INFO - Error processing EUR_CHF: get() takes 1 positional argument but 3 were given
[2024-01-03T08:58:57.887+0000] {python.py:194} INFO - Done. Returned value was: None
[2024-01-03T08:58:57.948+0000] {taskinstance.py:1400} INFO - Marking task as SUCCESS. dag_id=24_01_02_fx_mkt_data, task_id=first_attempt, execution_date=20240103T085848, start_date=20240103T085852, end_date=20240103T085857
[2024-01-03T08:58:58.042+0000] {local_task_job_runner.py:228} INFO - Task exited with return code 0
[2024-01-03T08:58:58.130+0000] {taskinstance.py:2778} INFO - 0 downstream tasks scheduled from follow-on schedule check
