[2024-01-03T09:01:14.827+0000] {taskinstance.py:1159} INFO - Dependencies all met for dep_context=non-requeueable deps ti=<TaskInstance: 24_01_02_fx_mkt_data.first_attempt manual__2024-01-03T09:01:10.347819+00:00 [queued]>
[2024-01-03T09:01:14.859+0000] {taskinstance.py:1159} INFO - Dependencies all met for dep_context=requeueable deps ti=<TaskInstance: 24_01_02_fx_mkt_data.first_attempt manual__2024-01-03T09:01:10.347819+00:00 [queued]>
[2024-01-03T09:01:14.860+0000] {taskinstance.py:1361} INFO - Starting attempt 1 of 6
[2024-01-03T09:01:14.911+0000] {taskinstance.py:1382} INFO - Executing <Task(PythonOperator): first_attempt> on 2024-01-03 09:01:10.347819+00:00
[2024-01-03T09:01:14.928+0000] {standard_task_runner.py:57} INFO - Started process 2349 to run task
[2024-01-03T09:01:14.938+0000] {standard_task_runner.py:84} INFO - Running: ['airflow', 'tasks', 'run', '24_01_02_fx_mkt_data', 'first_attempt', 'manual__2024-01-03T09:01:10.347819+00:00', '--job-id', '289', '--raw', '--subdir', 'DAGS_FOLDER/get_fx_mkt_data.py', '--cfg-path', '/tmp/tmpqa7znigo']
[2024-01-03T09:01:14.945+0000] {standard_task_runner.py:85} INFO - Job 289: Subtask first_attempt
[2024-01-03T09:01:15.175+0000] {task_command.py:416} INFO - Running <TaskInstance: 24_01_02_fx_mkt_data.first_attempt manual__2024-01-03T09:01:10.347819+00:00 [running]> on host ff92cbb9a252
[2024-01-03T09:01:15.585+0000] {taskinstance.py:1662} INFO - Exporting env vars: AIRFLOW_CTX_DAG_OWNER='airflow' AIRFLOW_CTX_DAG_ID='24_01_02_fx_mkt_data' AIRFLOW_CTX_TASK_ID='first_attempt' AIRFLOW_CTX_EXECUTION_DATE='2024-01-03T09:01:10.347819+00:00' AIRFLOW_CTX_TRY_NUMBER='1' AIRFLOW_CTX_DAG_RUN_ID='manual__2024-01-03T09:01:10.347819+00:00'
[2024-01-03T09:01:15.589+0000] {oandapyV20.py:207} INFO - setting up API-client for environment practice
[2024-01-03T09:01:16.753+0000] {logging_mixin.py:154} INFO - vendor id: 6, security id: 46686, symbol: AUD_USD, last date: 2024-01-02 22:00:00
[2024-01-03T09:01:16.774+0000] {logging_mixin.py:154} INFO - fetching AUD_USD market data from 2024-01-03 22:00:00 to 2024-01-03 09:01:16.773869
[2024-01-03T09:01:16.775+0000] {logging_mixin.py:154} INFO - AUD_USD market data is loaded into database
[2024-01-03T09:01:16.775+0000] {logging_mixin.py:154} INFO - vendor id: 6, security id: 46687, symbol: EUR_CAD, last date: None
[2024-01-03T09:01:16.776+0000] {oandapyV20.py:261} INFO - performing request https://api-fxpractice.oanda.com/v3/instruments/EUR_CAD/candles
[2024-01-03T09:01:17.415+0000] {oandapyV20.py:261} INFO - performing request https://api-fxpractice.oanda.com/v3/instruments/EUR_CAD/candles
[2024-01-03T09:01:17.777+0000] {logging_mixin.py:154} INFO - fetching EUR_CAD market data from 2010-12-30 00:00:00 to 2024-01-03 09:01:17.777382
[2024-01-03T09:01:27.713+0000] {logging_mixin.py:154} INFO - skipping duplicate record with security_id:46687 and date:2017-11-02 21:00:00+00:00
[2024-01-03T09:01:36.903+0000] {logging_mixin.py:154} INFO - EUR_CAD market data is loaded into database
[2024-01-03T09:01:36.904+0000] {logging_mixin.py:154} INFO - vendor id: 6, security id: 46688, symbol: USD_CNY, last date: None
[2024-01-03T09:01:36.905+0000] {oandapyV20.py:261} INFO - performing request https://api-fxpractice.oanda.com/v3/instruments/USD_CNY/candles
[2024-01-03T09:01:37.220+0000] {oandapyV20.py:261} INFO - performing request https://api-fxpractice.oanda.com/v3/instruments/USD_CNY/candles
[2024-01-03T09:01:37.531+0000] {logging_mixin.py:154} INFO - fetching USD_CNY market data from 2010-12-30 00:00:00 to 2024-01-03 09:01:37.531087
[2024-01-03T09:01:44.517+0000] {logging_mixin.py:154} INFO - USD_CNY market data is loaded into database
[2024-01-03T09:01:44.518+0000] {logging_mixin.py:154} INFO - vendor id: 6, security id: 46689, symbol: EUR_CHF, last date: None
[2024-01-03T09:01:44.519+0000] {oandapyV20.py:261} INFO - performing request https://api-fxpractice.oanda.com/v3/instruments/EUR_CHF/candles
[2024-01-03T09:01:44.886+0000] {oandapyV20.py:261} INFO - performing request https://api-fxpractice.oanda.com/v3/instruments/EUR_CHF/candles
[2024-01-03T09:01:45.253+0000] {logging_mixin.py:154} INFO - fetching EUR_CHF market data from 2010-12-30 00:00:00 to 2024-01-03 09:01:45.253368
[2024-01-03T09:01:55.281+0000] {logging_mixin.py:154} INFO - skipping duplicate record with security_id:46689 and date:2017-11-02 21:00:00+00:00
[2024-01-03T09:02:04.699+0000] {logging_mixin.py:154} INFO - EUR_CHF market data is loaded into database
[2024-01-03T09:02:04.709+0000] {python.py:194} INFO - Done. Returned value was: None
[2024-01-03T09:02:04.772+0000] {taskinstance.py:1400} INFO - Marking task as SUCCESS. dag_id=24_01_02_fx_mkt_data, task_id=first_attempt, execution_date=20240103T090110, start_date=20240103T090114, end_date=20240103T090204
[2024-01-03T09:02:04.870+0000] {local_task_job_runner.py:228} INFO - Task exited with return code 0
[2024-01-03T09:02:04.954+0000] {taskinstance.py:2778} INFO - 0 downstream tasks scheduled from follow-on schedule check
